<?xml version="1.0" encoding="UTF-8"?>
<testsuite xmlns:xsi="http://www.w3.org/2001/XMLSchema-instance" xsi:noNamespaceSchemaLocation="https://maven.apache.org/surefire/maven-surefire-plugin/xsd/surefire-test-report-3.0.xsd" version="3.0" name="com.nhnacademy.bookstore.book.booktag.repository.BookTagRepositoryTest" time="0.417" tests="2" errors="0" skipped="0" failures="0">
  <properties>
    <property name="java.specification.version" value="21"/>
    <property name="sun.jnu.encoding" value="UTF-8"/>
    <property name="java.class.path" value="/Users/jeongjuhyeok/Desktop/3runner/3runner-bookstore/3runner-bookstore/target/test-classes:/Users/jeongjuhyeok/Desktop/3runner/3runner-bookstore/3runner-bookstore/target/classes:/Users/jeongjuhyeok/.m2/repository/org/springframework/boot/spring-boot-starter-web/3.3.0/spring-boot-starter-web-3.3.0.jar:/Users/jeongjuhyeok/.m2/repository/org/springframework/boot/spring-boot-starter/3.3.0/spring-boot-starter-3.3.0.jar:/Users/jeongjuhyeok/.m2/repository/org/springframework/boot/spring-boot/3.3.0/spring-boot-3.3.0.jar:/Users/jeongjuhyeok/.m2/repository/org/springframework/boot/spring-boot-autoconfigure/3.3.0/spring-boot-autoconfigure-3.3.0.jar:/Users/jeongjuhyeok/.m2/repository/org/springframework/boot/spring-boot-starter-logging/3.3.0/spring-boot-starter-logging-3.3.0.jar:/Users/jeongjuhyeok/.m2/repository/ch/qos/logback/logback-classic/1.5.6/logback-classic-1.5.6.jar:/Users/jeongjuhyeok/.m2/repository/ch/qos/logback/logback-core/1.5.6/logback-core-1.5.6.jar:/Users/jeongjuhyeok/.m2/repository/org/apache/logging/log4j/log4j-to-slf4j/2.23.1/log4j-to-slf4j-2.23.1.jar:/Users/jeongjuhyeok/.m2/repository/org/apache/logging/log4j/log4j-api/2.23.1/log4j-api-2.23.1.jar:/Users/jeongjuhyeok/.m2/repository/org/slf4j/jul-to-slf4j/2.0.13/jul-to-slf4j-2.0.13.jar:/Users/jeongjuhyeok/.m2/repository/org/yaml/snakeyaml/2.2/snakeyaml-2.2.jar:/Users/jeongjuhyeok/.m2/repository/org/springframework/boot/spring-boot-starter-json/3.3.0/spring-boot-starter-json-3.3.0.jar:/Users/jeongjuhyeok/.m2/repository/com/fasterxml/jackson/datatype/jackson-datatype-jdk8/2.17.1/jackson-datatype-jdk8-2.17.1.jar:/Users/jeongjuhyeok/.m2/repository/com/fasterxml/jackson/datatype/jackson-datatype-jsr310/2.17.1/jackson-datatype-jsr310-2.17.1.jar:/Users/jeongjuhyeok/.m2/repository/com/fasterxml/jackson/module/jackson-module-parameter-names/2.17.1/jackson-module-parameter-names-2.17.1.jar:/Users/jeongjuhyeok/.m2/repository/org/springframework/boot/spring-boot-starter-tomcat/3.3.0/spring-boot-starter-tomcat-3.3.0.jar:/Users/jeongjuhyeok/.m2/repository/org/apache/tomcat/embed/tomcat-embed-core/10.1.24/tomcat-embed-core-10.1.24.jar:/Users/jeongjuhyeok/.m2/repository/org/apache/tomcat/embed/tomcat-embed-websocket/10.1.24/tomcat-embed-websocket-10.1.24.jar:/Users/jeongjuhyeok/.m2/repository/org/springframework/spring-web/6.1.8/spring-web-6.1.8.jar:/Users/jeongjuhyeok/.m2/repository/org/springframework/spring-beans/6.1.8/spring-beans-6.1.8.jar:/Users/jeongjuhyeok/.m2/repository/io/micrometer/micrometer-observation/1.13.0/micrometer-observation-1.13.0.jar:/Users/jeongjuhyeok/.m2/repository/io/micrometer/micrometer-commons/1.13.0/micrometer-commons-1.13.0.jar:/Users/jeongjuhyeok/.m2/repository/org/springframework/spring-webmvc/6.1.8/spring-webmvc-6.1.8.jar:/Users/jeongjuhyeok/.m2/repository/org/springframework/spring-aop/6.1.8/spring-aop-6.1.8.jar:/Users/jeongjuhyeok/.m2/repository/org/springframework/spring-expression/6.1.8/spring-expression-6.1.8.jar:/Users/jeongjuhyeok/.m2/repository/org/springframework/cloud/spring-cloud-starter-netflix-eureka-client/4.1.2/spring-cloud-starter-netflix-eureka-client-4.1.2.jar:/Users/jeongjuhyeok/.m2/repository/org/springframework/cloud/spring-cloud-starter/4.1.3/spring-cloud-starter-4.1.3.jar:/Users/jeongjuhyeok/.m2/repository/org/springframework/cloud/spring-cloud-context/4.1.3/spring-cloud-context-4.1.3.jar:/Users/jeongjuhyeok/.m2/repository/org/springframework/security/spring-security-rsa/1.1.3/spring-security-rsa-1.1.3.jar:/Users/jeongjuhyeok/.m2/repository/org/bouncycastle/bcprov-jdk18on/1.78/bcprov-jdk18on-1.78.jar:/Users/jeongjuhyeok/.m2/repository/org/springframework/cloud/spring-cloud-netflix-eureka-client/4.1.2/spring-cloud-netflix-eureka-client-4.1.2.jar:/Users/jeongjuhyeok/.m2/repository/org/apache/httpcomponents/client5/httpclient5/5.3.1/httpclient5-5.3.1.jar:/Users/jeongjuhyeok/.m2/repository/org/apache/httpcomponents/core5/httpcore5/5.2.4/httpcore5-5.2.4.jar:/Users/jeongjuhyeok/.m2/repository/org/apache/httpcomponents/core5/httpcore5-h2/5.2.4/httpcore5-h2-5.2.4.jar:/Users/jeongjuhyeok/.m2/repository/com/netflix/eureka/eureka-client/2.0.2/eureka-client-2.0.2.jar:/Users/jeongjuhyeok/.m2/repository/com/netflix/netflix-commons/netflix-eventbus/0.3.0/netflix-eventbus-0.3.0.jar:/Users/jeongjuhyeok/.m2/repository/com/netflix/netflix-commons/netflix-infix/0.3.0/netflix-infix-0.3.0.jar:/Users/jeongjuhyeok/.m2/repository/commons-jxpath/commons-jxpath/1.3/commons-jxpath-1.3.jar:/Users/jeongjuhyeok/.m2/repository/org/antlr/antlr-runtime/3.4/antlr-runtime-3.4.jar:/Users/jeongjuhyeok/.m2/repository/org/antlr/stringtemplate/3.2.1/stringtemplate-3.2.1.jar:/Users/jeongjuhyeok/.m2/repository/antlr/antlr/2.7.7/antlr-2.7.7.jar:/Users/jeongjuhyeok/.m2/repository/com/google/code/gson/gson/2.10.1/gson-2.10.1.jar:/Users/jeongjuhyeok/.m2/repository/org/apache/commons/commons-math/2.2/commons-math-2.2.jar:/Users/jeongjuhyeok/.m2/repository/com/thoughtworks/xstream/xstream/1.4.19/xstream-1.4.19.jar:/Users/jeongjuhyeok/.m2/repository/io/github/x-stream/mxparser/1.2.2/mxparser-1.2.2.jar:/Users/jeongjuhyeok/.m2/repository/xmlpull/xmlpull/1.1.3.1/xmlpull-1.1.3.1.jar:/Users/jeongjuhyeok/.m2/repository/jakarta/ws/rs/jakarta.ws.rs-api/3.1.0/jakarta.ws.rs-api-3.1.0.jar:/Users/jeongjuhyeok/.m2/repository/jakarta/inject/jakarta.inject-api/2.0.1/jakarta.inject-api-2.0.1.jar:/Users/jeongjuhyeok/.m2/repository/com/netflix/servo/servo-core/0.12.21/servo-core-0.12.21.jar:/Users/jeongjuhyeok/.m2/repository/com/google/guava/guava/19.0/guava-19.0.jar:/Users/jeongjuhyeok/.m2/repository/org/apache/httpcomponents/httpclient/4.5.3/httpclient-4.5.3.jar:/Users/jeongjuhyeok/.m2/repository/commons-configuration/commons-configuration/1.10/commons-configuration-1.10.jar:/Users/jeongjuhyeok/.m2/repository/commons-lang/commons-lang/2.6/commons-lang-2.6.jar:/Users/jeongjuhyeok/.m2/repository/org/codehaus/jettison/jettison/1.5.4/jettison-1.5.4.jar:/Users/jeongjuhyeok/.m2/repository/com/netflix/eureka/eureka-core/2.0.2/eureka-core-2.0.2.jar:/Users/jeongjuhyeok/.m2/repository/com/fasterxml/woodstox/woodstox-core/6.2.1/woodstox-core-6.2.1.jar:/Users/jeongjuhyeok/.m2/repository/org/codehaus/woodstox/stax2-api/4.2.1/stax2-api-4.2.1.jar:/Users/jeongjuhyeok/.m2/repository/org/springframework/cloud/spring-cloud-starter-loadbalancer/4.1.3/spring-cloud-starter-loadbalancer-4.1.3.jar:/Users/jeongjuhyeok/.m2/repository/org/springframework/cloud/spring-cloud-loadbalancer/4.1.3/spring-cloud-loadbalancer-4.1.3.jar:/Users/jeongjuhyeok/.m2/repository/io/projectreactor/reactor-core/3.6.6/reactor-core-3.6.6.jar:/Users/jeongjuhyeok/.m2/repository/org/reactivestreams/reactive-streams/1.0.4/reactive-streams-1.0.4.jar:/Users/jeongjuhyeok/.m2/repository/io/projectreactor/addons/reactor-extra/3.5.1/reactor-extra-3.5.1.jar:/Users/jeongjuhyeok/.m2/repository/org/springframework/boot/spring-boot-starter-cache/3.3.0/spring-boot-starter-cache-3.3.0.jar:/Users/jeongjuhyeok/.m2/repository/org/springframework/spring-context-support/6.1.8/spring-context-support-6.1.8.jar:/Users/jeongjuhyeok/.m2/repository/com/stoyanr/evictor/1.0.0/evictor-1.0.0.jar:/Users/jeongjuhyeok/.m2/repository/org/springframework/cloud/spring-cloud-starter-openfeign/4.1.2/spring-cloud-starter-openfeign-4.1.2.jar:/Users/jeongjuhyeok/.m2/repository/org/springframework/cloud/spring-cloud-openfeign-core/4.1.2/spring-cloud-openfeign-core-4.1.2.jar:/Users/jeongjuhyeok/.m2/repository/io/github/openfeign/form/feign-form-spring/3.8.0/feign-form-spring-3.8.0.jar:/Users/jeongjuhyeok/.m2/repository/io/github/openfeign/form/feign-form/3.8.0/feign-form-3.8.0.jar:/Users/jeongjuhyeok/.m2/repository/commons-fileupload/commons-fileupload/1.5/commons-fileupload-1.5.jar:/Users/jeongjuhyeok/.m2/repository/commons-io/commons-io/2.11.0/commons-io-2.11.0.jar:/Users/jeongjuhyeok/.m2/repository/org/springframework/cloud/spring-cloud-commons/4.1.3/spring-cloud-commons-4.1.3.jar:/Users/jeongjuhyeok/.m2/repository/org/springframework/security/spring-security-crypto/6.3.0/spring-security-crypto-6.3.0.jar:/Users/jeongjuhyeok/.m2/repository/io/github/openfeign/feign-core/13.2.1/feign-core-13.2.1.jar:/Users/jeongjuhyeok/.m2/repository/io/github/openfeign/feign-slf4j/13.2.1/feign-slf4j-13.2.1.jar:/Users/jeongjuhyeok/.m2/repository/org/springframework/boot/spring-boot-starter-data-jpa/3.3.0/spring-boot-starter-data-jpa-3.3.0.jar:/Users/jeongjuhyeok/.m2/repository/org/springframework/boot/spring-boot-starter-aop/3.3.0/spring-boot-starter-aop-3.3.0.jar:/Users/jeongjuhyeok/.m2/repository/org/aspectj/aspectjweaver/1.9.22/aspectjweaver-1.9.22.jar:/Users/jeongjuhyeok/.m2/repository/org/springframework/boot/spring-boot-starter-jdbc/3.3.0/spring-boot-starter-jdbc-3.3.0.jar:/Users/jeongjuhyeok/.m2/repository/com/zaxxer/HikariCP/5.1.0/HikariCP-5.1.0.jar:/Users/jeongjuhyeok/.m2/repository/org/springframework/spring-jdbc/6.1.8/spring-jdbc-6.1.8.jar:/Users/jeongjuhyeok/.m2/repository/org/hibernate/orm/hibernate-core/6.5.2.Final/hibernate-core-6.5.2.Final.jar:/Users/jeongjuhyeok/.m2/repository/jakarta/transaction/jakarta.transaction-api/2.0.1/jakarta.transaction-api-2.0.1.jar:/Users/jeongjuhyeok/.m2/repository/org/jboss/logging/jboss-logging/3.5.3.Final/jboss-logging-3.5.3.Final.jar:/Users/jeongjuhyeok/.m2/repository/org/hibernate/common/hibernate-commons-annotations/6.0.6.Final/hibernate-commons-annotations-6.0.6.Final.jar:/Users/jeongjuhyeok/.m2/repository/io/smallrye/jandex/3.1.2/jandex-3.1.2.jar:/Users/jeongjuhyeok/.m2/repository/com/fasterxml/classmate/1.7.0/classmate-1.7.0.jar:/Users/jeongjuhyeok/.m2/repository/net/bytebuddy/byte-buddy/1.14.16/byte-buddy-1.14.16.jar:/Users/jeongjuhyeok/.m2/repository/org/glassfish/jaxb/jaxb-runtime/4.0.5/jaxb-runtime-4.0.5.jar:/Users/jeongjuhyeok/.m2/repository/org/glassfish/jaxb/jaxb-core/4.0.5/jaxb-core-4.0.5.jar:/Users/jeongjuhyeok/.m2/repository/org/eclipse/angus/angus-activation/2.0.2/angus-activation-2.0.2.jar:/Users/jeongjuhyeok/.m2/repository/org/glassfish/jaxb/txw2/4.0.5/txw2-4.0.5.jar:/Users/jeongjuhyeok/.m2/repository/com/sun/istack/istack-commons-runtime/4.1.2/istack-commons-runtime-4.1.2.jar:/Users/jeongjuhyeok/.m2/repository/org/antlr/antlr4-runtime/4.13.0/antlr4-runtime-4.13.0.jar:/Users/jeongjuhyeok/.m2/repository/org/springframework/data/spring-data-jpa/3.3.0/spring-data-jpa-3.3.0.jar:/Users/jeongjuhyeok/.m2/repository/org/springframework/spring-orm/6.1.8/spring-orm-6.1.8.jar:/Users/jeongjuhyeok/.m2/repository/org/springframework/spring-aspects/6.1.8/spring-aspects-6.1.8.jar:/Users/jeongjuhyeok/.m2/repository/org/springframework/data/spring-data-elasticsearch/5.3.1/spring-data-elasticsearch-5.3.1.jar:/Users/jeongjuhyeok/.m2/repository/org/springframework/spring-context/6.1.8/spring-context-6.1.8.jar:/Users/jeongjuhyeok/.m2/repository/org/springframework/spring-tx/6.1.8/spring-tx-6.1.8.jar:/Users/jeongjuhyeok/.m2/repository/org/springframework/data/spring-data-commons/3.3.0/spring-data-commons-3.3.0.jar:/Users/jeongjuhyeok/.m2/repository/co/elastic/clients/elasticsearch-java/8.13.4/elasticsearch-java-8.13.4.jar:/Users/jeongjuhyeok/.m2/repository/com/google/code/findbugs/jsr305/3.0.2/jsr305-3.0.2.jar:/Users/jeongjuhyeok/.m2/repository/jakarta/json/jakarta.json-api/2.1.3/jakarta.json-api-2.1.3.jar:/Users/jeongjuhyeok/.m2/repository/org/eclipse/parsson/parsson/1.0.5/parsson-1.0.5.jar:/Users/jeongjuhyeok/.m2/repository/io/opentelemetry/opentelemetry-api/1.37.0/opentelemetry-api-1.37.0.jar:/Users/jeongjuhyeok/.m2/repository/io/opentelemetry/opentelemetry-context/1.37.0/opentelemetry-context-1.37.0.jar:/Users/jeongjuhyeok/.m2/repository/org/elasticsearch/client/elasticsearch-rest-client/8.13.4/elasticsearch-rest-client-8.13.4.jar:/Users/jeongjuhyeok/.m2/repository/org/apache/httpcomponents/httpcore/4.4.16/httpcore-4.4.16.jar:/Users/jeongjuhyeok/.m2/repository/org/apache/httpcomponents/httpasyncclient/4.1.5/httpasyncclient-4.1.5.jar:/Users/jeongjuhyeok/.m2/repository/org/apache/httpcomponents/httpcore-nio/4.4.16/httpcore-nio-4.4.16.jar:/Users/jeongjuhyeok/.m2/repository/commons-codec/commons-codec/1.16.1/commons-codec-1.16.1.jar:/Users/jeongjuhyeok/.m2/repository/com/fasterxml/jackson/core/jackson-core/2.17.1/jackson-core-2.17.1.jar:/Users/jeongjuhyeok/.m2/repository/org/slf4j/slf4j-api/2.0.13/slf4j-api-2.0.13.jar:/Users/jeongjuhyeok/.m2/repository/org/springframework/boot/spring-boot-starter-test/3.3.0/spring-boot-starter-test-3.3.0.jar:/Users/jeongjuhyeok/.m2/repository/org/springframework/boot/spring-boot-test/3.3.0/spring-boot-test-3.3.0.jar:/Users/jeongjuhyeok/.m2/repository/org/springframework/boot/spring-boot-test-autoconfigure/3.3.0/spring-boot-test-autoconfigure-3.3.0.jar:/Users/jeongjuhyeok/.m2/repository/com/jayway/jsonpath/json-path/2.9.0/json-path-2.9.0.jar:/Users/jeongjuhyeok/.m2/repository/jakarta/xml/bind/jakarta.xml.bind-api/4.0.2/jakarta.xml.bind-api-4.0.2.jar:/Users/jeongjuhyeok/.m2/repository/jakarta/activation/jakarta.activation-api/2.1.3/jakarta.activation-api-2.1.3.jar:/Users/jeongjuhyeok/.m2/repository/net/minidev/json-smart/2.5.1/json-smart-2.5.1.jar:/Users/jeongjuhyeok/.m2/repository/net/minidev/accessors-smart/2.5.1/accessors-smart-2.5.1.jar:/Users/jeongjuhyeok/.m2/repository/org/ow2/asm/asm/9.6/asm-9.6.jar:/Users/jeongjuhyeok/.m2/repository/org/assertj/assertj-core/3.25.3/assertj-core-3.25.3.jar:/Users/jeongjuhyeok/.m2/repository/org/awaitility/awaitility/4.2.1/awaitility-4.2.1.jar:/Users/jeongjuhyeok/.m2/repository/org/hamcrest/hamcrest/2.2/hamcrest-2.2.jar:/Users/jeongjuhyeok/.m2/repository/org/junit/jupiter/junit-jupiter/5.10.2/junit-jupiter-5.10.2.jar:/Users/jeongjuhyeok/.m2/repository/org/junit/jupiter/junit-jupiter-api/5.10.2/junit-jupiter-api-5.10.2.jar:/Users/jeongjuhyeok/.m2/repository/org/opentest4j/opentest4j/1.3.0/opentest4j-1.3.0.jar:/Users/jeongjuhyeok/.m2/repository/org/junit/platform/junit-platform-commons/1.10.2/junit-platform-commons-1.10.2.jar:/Users/jeongjuhyeok/.m2/repository/org/apiguardian/apiguardian-api/1.1.2/apiguardian-api-1.1.2.jar:/Users/jeongjuhyeok/.m2/repository/org/junit/jupiter/junit-jupiter-params/5.10.2/junit-jupiter-params-5.10.2.jar:/Users/jeongjuhyeok/.m2/repository/org/junit/jupiter/junit-jupiter-engine/5.10.2/junit-jupiter-engine-5.10.2.jar:/Users/jeongjuhyeok/.m2/repository/org/junit/platform/junit-platform-engine/1.10.2/junit-platform-engine-1.10.2.jar:/Users/jeongjuhyeok/.m2/repository/org/mockito/mockito-core/5.11.0/mockito-core-5.11.0.jar:/Users/jeongjuhyeok/.m2/repository/net/bytebuddy/byte-buddy-agent/1.14.16/byte-buddy-agent-1.14.16.jar:/Users/jeongjuhyeok/.m2/repository/org/objenesis/objenesis/3.3/objenesis-3.3.jar:/Users/jeongjuhyeok/.m2/repository/org/mockito/mockito-junit-jupiter/5.11.0/mockito-junit-jupiter-5.11.0.jar:/Users/jeongjuhyeok/.m2/repository/org/skyscreamer/jsonassert/1.5.1/jsonassert-1.5.1.jar:/Users/jeongjuhyeok/.m2/repository/com/vaadin/external/google/android-json/0.0.20131108.vaadin1/android-json-0.0.20131108.vaadin1.jar:/Users/jeongjuhyeok/.m2/repository/org/springframework/spring-core/6.1.8/spring-core-6.1.8.jar:/Users/jeongjuhyeok/.m2/repository/org/springframework/spring-jcl/6.1.8/spring-jcl-6.1.8.jar:/Users/jeongjuhyeok/.m2/repository/org/springframework/spring-test/6.1.8/spring-test-6.1.8.jar:/Users/jeongjuhyeok/.m2/repository/org/xmlunit/xmlunit-core/2.9.1/xmlunit-core-2.9.1.jar:/Users/jeongjuhyeok/.m2/repository/org/springframework/boot/spring-boot-starter-data-rest/3.3.0/spring-boot-starter-data-rest-3.3.0.jar:/Users/jeongjuhyeok/.m2/repository/org/springframework/data/spring-data-rest-webmvc/4.3.0/spring-data-rest-webmvc-4.3.0.jar:/Users/jeongjuhyeok/.m2/repository/org/springframework/data/spring-data-rest-core/4.3.0/spring-data-rest-core-4.3.0.jar:/Users/jeongjuhyeok/.m2/repository/org/springframework/hateoas/spring-hateoas/2.3.0/spring-hateoas-2.3.0.jar:/Users/jeongjuhyeok/.m2/repository/org/springframework/plugin/spring-plugin-core/3.0.0/spring-plugin-core-3.0.0.jar:/Users/jeongjuhyeok/.m2/repository/org/atteo/evo-inflector/1.3/evo-inflector-1.3.jar:/Users/jeongjuhyeok/.m2/repository/org/springframework/boot/spring-boot-starter-validation/3.3.0/spring-boot-starter-validation-3.3.0.jar:/Users/jeongjuhyeok/.m2/repository/org/apache/tomcat/embed/tomcat-embed-el/10.1.24/tomcat-embed-el-10.1.24.jar:/Users/jeongjuhyeok/.m2/repository/org/hibernate/validator/hibernate-validator/8.0.1.Final/hibernate-validator-8.0.1.Final.jar:/Users/jeongjuhyeok/.m2/repository/jakarta/validation/jakarta.validation-api/3.0.2/jakarta.validation-api-3.0.2.jar:/Users/jeongjuhyeok/.m2/repository/com/h2database/h2/2.2.224/h2-2.2.224.jar:/Users/jeongjuhyeok/.m2/repository/com/mysql/mysql-connector-j/8.3.0/mysql-connector-j-8.3.0.jar:/Users/jeongjuhyeok/.m2/repository/com/querydsl/querydsl-jpa/5.0.0/querydsl-jpa-5.0.0-jakarta.jar:/Users/jeongjuhyeok/.m2/repository/com/querydsl/querydsl-core/5.1.0/querydsl-core-5.1.0.jar:/Users/jeongjuhyeok/.m2/repository/com/mysema/commons/mysema-commons-lang/0.2.4/mysema-commons-lang-0.2.4.jar:/Users/jeongjuhyeok/.m2/repository/com/querydsl/querydsl-apt/5.0.0/querydsl-apt-5.0.0-jakarta.jar:/Users/jeongjuhyeok/.m2/repository/com/querydsl/querydsl-codegen/5.1.0/querydsl-codegen-5.1.0.jar:/Users/jeongjuhyeok/.m2/repository/com/querydsl/codegen-utils/5.1.0/codegen-utils-5.1.0.jar:/Users/jeongjuhyeok/.m2/repository/org/eclipse/jdt/ecj/3.26.0/ecj-3.26.0.jar:/Users/jeongjuhyeok/.m2/repository/javax/inject/javax.inject/1/javax.inject-1.jar:/Users/jeongjuhyeok/.m2/repository/io/github/classgraph/classgraph/4.8.146/classgraph-4.8.146.jar:/Users/jeongjuhyeok/.m2/repository/jakarta/annotation/jakarta.annotation-api/2.1.1/jakarta.annotation-api-2.1.1.jar:/Users/jeongjuhyeok/.m2/repository/jakarta/persistence/jakarta.persistence-api/3.1.0/jakarta.persistence-api-3.1.0.jar:/Users/jeongjuhyeok/.m2/repository/org/projectlombok/lombok/1.18.32/lombok-1.18.32.jar:/Users/jeongjuhyeok/.m2/repository/com/fasterxml/jackson/core/jackson-databind/2.17.1/jackson-databind-2.17.1.jar:/Users/jeongjuhyeok/.m2/repository/com/fasterxml/jackson/core/jackson-annotations/2.17.1/jackson-annotations-2.17.1.jar:/Users/jeongjuhyeok/.m2/repository/com/fasterxml/uuid/java-uuid-generator/4.0.1/java-uuid-generator-4.0.1.jar:/Users/jeongjuhyeok/.m2/repository/com/amazonaws/aws-java-sdk-s3/1.12.470/aws-java-sdk-s3-1.12.470.jar:/Users/jeongjuhyeok/.m2/repository/com/amazonaws/aws-java-sdk-kms/1.12.470/aws-java-sdk-kms-1.12.470.jar:/Users/jeongjuhyeok/.m2/repository/com/amazonaws/aws-java-sdk-core/1.12.470/aws-java-sdk-core-1.12.470.jar:/Users/jeongjuhyeok/.m2/repository/commons-logging/commons-logging/1.1.3/commons-logging-1.1.3.jar:/Users/jeongjuhyeok/.m2/repository/software/amazon/ion/ion-java/1.0.2/ion-java-1.0.2.jar:/Users/jeongjuhyeok/.m2/repository/com/fasterxml/jackson/dataformat/jackson-dataformat-cbor/2.17.1/jackson-dataformat-cbor-2.17.1.jar:/Users/jeongjuhyeok/.m2/repository/joda-time/joda-time/2.8.1/joda-time-2.8.1.jar:/Users/jeongjuhyeok/.m2/repository/com/amazonaws/jmespath-java/1.12.470/jmespath-java-1.12.470.jar:"/>
    <property name="java.vm.vendor" value="Amazon.com Inc."/>
    <property name="sun.arch.data.model" value="64"/>
    <property name="java.vendor.url" value="https://aws.amazon.com/corretto/"/>
    <property name="user.timezone" value="Asia/Seoul"/>
    <property name="org.jboss.logging.provider" value="slf4j"/>
    <property name="os.name" value="Mac OS X"/>
    <property name="java.vm.specification.version" value="21"/>
    <property name="sun.java.launcher" value="SUN_STANDARD"/>
    <property name="user.country" value="KR"/>
    <property name="sun.boot.library.path" value="/Users/jeongjuhyeok/Library/Java/JavaVirtualMachines/corretto-21.0.3/Contents/Home/lib"/>
    <property name="sun.java.command" value="/Users/jeongjuhyeok/Desktop/3runner/3runner-bookstore/3runner-bookstore/target/surefire/surefirebooter-20240626021751771_3.jar /Users/jeongjuhyeok/Desktop/3runner/3runner-bookstore/3runner-bookstore/target/surefire 2024-06-26T02-17-51_735-jvmRun1 surefire-20240626021751771_1tmp surefire_0-20240626021751771_2tmp"/>
    <property name="http.nonProxyHosts" value="local|*.local|169.254/16|*.169.254/16"/>
    <property name="jdk.debug" value="release"/>
    <property name="surefire.test.class.path" value="/Users/jeongjuhyeok/Desktop/3runner/3runner-bookstore/3runner-bookstore/target/test-classes:/Users/jeongjuhyeok/Desktop/3runner/3runner-bookstore/3runner-bookstore/target/classes:/Users/jeongjuhyeok/.m2/repository/org/springframework/boot/spring-boot-starter-web/3.3.0/spring-boot-starter-web-3.3.0.jar:/Users/jeongjuhyeok/.m2/repository/org/springframework/boot/spring-boot-starter/3.3.0/spring-boot-starter-3.3.0.jar:/Users/jeongjuhyeok/.m2/repository/org/springframework/boot/spring-boot/3.3.0/spring-boot-3.3.0.jar:/Users/jeongjuhyeok/.m2/repository/org/springframework/boot/spring-boot-autoconfigure/3.3.0/spring-boot-autoconfigure-3.3.0.jar:/Users/jeongjuhyeok/.m2/repository/org/springframework/boot/spring-boot-starter-logging/3.3.0/spring-boot-starter-logging-3.3.0.jar:/Users/jeongjuhyeok/.m2/repository/ch/qos/logback/logback-classic/1.5.6/logback-classic-1.5.6.jar:/Users/jeongjuhyeok/.m2/repository/ch/qos/logback/logback-core/1.5.6/logback-core-1.5.6.jar:/Users/jeongjuhyeok/.m2/repository/org/apache/logging/log4j/log4j-to-slf4j/2.23.1/log4j-to-slf4j-2.23.1.jar:/Users/jeongjuhyeok/.m2/repository/org/apache/logging/log4j/log4j-api/2.23.1/log4j-api-2.23.1.jar:/Users/jeongjuhyeok/.m2/repository/org/slf4j/jul-to-slf4j/2.0.13/jul-to-slf4j-2.0.13.jar:/Users/jeongjuhyeok/.m2/repository/org/yaml/snakeyaml/2.2/snakeyaml-2.2.jar:/Users/jeongjuhyeok/.m2/repository/org/springframework/boot/spring-boot-starter-json/3.3.0/spring-boot-starter-json-3.3.0.jar:/Users/jeongjuhyeok/.m2/repository/com/fasterxml/jackson/datatype/jackson-datatype-jdk8/2.17.1/jackson-datatype-jdk8-2.17.1.jar:/Users/jeongjuhyeok/.m2/repository/com/fasterxml/jackson/datatype/jackson-datatype-jsr310/2.17.1/jackson-datatype-jsr310-2.17.1.jar:/Users/jeongjuhyeok/.m2/repository/com/fasterxml/jackson/module/jackson-module-parameter-names/2.17.1/jackson-module-parameter-names-2.17.1.jar:/Users/jeongjuhyeok/.m2/repository/org/springframework/boot/spring-boot-starter-tomcat/3.3.0/spring-boot-starter-tomcat-3.3.0.jar:/Users/jeongjuhyeok/.m2/repository/org/apache/tomcat/embed/tomcat-embed-core/10.1.24/tomcat-embed-core-10.1.24.jar:/Users/jeongjuhyeok/.m2/repository/org/apache/tomcat/embed/tomcat-embed-websocket/10.1.24/tomcat-embed-websocket-10.1.24.jar:/Users/jeongjuhyeok/.m2/repository/org/springframework/spring-web/6.1.8/spring-web-6.1.8.jar:/Users/jeongjuhyeok/.m2/repository/org/springframework/spring-beans/6.1.8/spring-beans-6.1.8.jar:/Users/jeongjuhyeok/.m2/repository/io/micrometer/micrometer-observation/1.13.0/micrometer-observation-1.13.0.jar:/Users/jeongjuhyeok/.m2/repository/io/micrometer/micrometer-commons/1.13.0/micrometer-commons-1.13.0.jar:/Users/jeongjuhyeok/.m2/repository/org/springframework/spring-webmvc/6.1.8/spring-webmvc-6.1.8.jar:/Users/jeongjuhyeok/.m2/repository/org/springframework/spring-aop/6.1.8/spring-aop-6.1.8.jar:/Users/jeongjuhyeok/.m2/repository/org/springframework/spring-expression/6.1.8/spring-expression-6.1.8.jar:/Users/jeongjuhyeok/.m2/repository/org/springframework/cloud/spring-cloud-starter-netflix-eureka-client/4.1.2/spring-cloud-starter-netflix-eureka-client-4.1.2.jar:/Users/jeongjuhyeok/.m2/repository/org/springframework/cloud/spring-cloud-starter/4.1.3/spring-cloud-starter-4.1.3.jar:/Users/jeongjuhyeok/.m2/repository/org/springframework/cloud/spring-cloud-context/4.1.3/spring-cloud-context-4.1.3.jar:/Users/jeongjuhyeok/.m2/repository/org/springframework/security/spring-security-rsa/1.1.3/spring-security-rsa-1.1.3.jar:/Users/jeongjuhyeok/.m2/repository/org/bouncycastle/bcprov-jdk18on/1.78/bcprov-jdk18on-1.78.jar:/Users/jeongjuhyeok/.m2/repository/org/springframework/cloud/spring-cloud-netflix-eureka-client/4.1.2/spring-cloud-netflix-eureka-client-4.1.2.jar:/Users/jeongjuhyeok/.m2/repository/org/apache/httpcomponents/client5/httpclient5/5.3.1/httpclient5-5.3.1.jar:/Users/jeongjuhyeok/.m2/repository/org/apache/httpcomponents/core5/httpcore5/5.2.4/httpcore5-5.2.4.jar:/Users/jeongjuhyeok/.m2/repository/org/apache/httpcomponents/core5/httpcore5-h2/5.2.4/httpcore5-h2-5.2.4.jar:/Users/jeongjuhyeok/.m2/repository/com/netflix/eureka/eureka-client/2.0.2/eureka-client-2.0.2.jar:/Users/jeongjuhyeok/.m2/repository/com/netflix/netflix-commons/netflix-eventbus/0.3.0/netflix-eventbus-0.3.0.jar:/Users/jeongjuhyeok/.m2/repository/com/netflix/netflix-commons/netflix-infix/0.3.0/netflix-infix-0.3.0.jar:/Users/jeongjuhyeok/.m2/repository/commons-jxpath/commons-jxpath/1.3/commons-jxpath-1.3.jar:/Users/jeongjuhyeok/.m2/repository/org/antlr/antlr-runtime/3.4/antlr-runtime-3.4.jar:/Users/jeongjuhyeok/.m2/repository/org/antlr/stringtemplate/3.2.1/stringtemplate-3.2.1.jar:/Users/jeongjuhyeok/.m2/repository/antlr/antlr/2.7.7/antlr-2.7.7.jar:/Users/jeongjuhyeok/.m2/repository/com/google/code/gson/gson/2.10.1/gson-2.10.1.jar:/Users/jeongjuhyeok/.m2/repository/org/apache/commons/commons-math/2.2/commons-math-2.2.jar:/Users/jeongjuhyeok/.m2/repository/com/thoughtworks/xstream/xstream/1.4.19/xstream-1.4.19.jar:/Users/jeongjuhyeok/.m2/repository/io/github/x-stream/mxparser/1.2.2/mxparser-1.2.2.jar:/Users/jeongjuhyeok/.m2/repository/xmlpull/xmlpull/1.1.3.1/xmlpull-1.1.3.1.jar:/Users/jeongjuhyeok/.m2/repository/jakarta/ws/rs/jakarta.ws.rs-api/3.1.0/jakarta.ws.rs-api-3.1.0.jar:/Users/jeongjuhyeok/.m2/repository/jakarta/inject/jakarta.inject-api/2.0.1/jakarta.inject-api-2.0.1.jar:/Users/jeongjuhyeok/.m2/repository/com/netflix/servo/servo-core/0.12.21/servo-core-0.12.21.jar:/Users/jeongjuhyeok/.m2/repository/com/google/guava/guava/19.0/guava-19.0.jar:/Users/jeongjuhyeok/.m2/repository/org/apache/httpcomponents/httpclient/4.5.3/httpclient-4.5.3.jar:/Users/jeongjuhyeok/.m2/repository/commons-configuration/commons-configuration/1.10/commons-configuration-1.10.jar:/Users/jeongjuhyeok/.m2/repository/commons-lang/commons-lang/2.6/commons-lang-2.6.jar:/Users/jeongjuhyeok/.m2/repository/org/codehaus/jettison/jettison/1.5.4/jettison-1.5.4.jar:/Users/jeongjuhyeok/.m2/repository/com/netflix/eureka/eureka-core/2.0.2/eureka-core-2.0.2.jar:/Users/jeongjuhyeok/.m2/repository/com/fasterxml/woodstox/woodstox-core/6.2.1/woodstox-core-6.2.1.jar:/Users/jeongjuhyeok/.m2/repository/org/codehaus/woodstox/stax2-api/4.2.1/stax2-api-4.2.1.jar:/Users/jeongjuhyeok/.m2/repository/org/springframework/cloud/spring-cloud-starter-loadbalancer/4.1.3/spring-cloud-starter-loadbalancer-4.1.3.jar:/Users/jeongjuhyeok/.m2/repository/org/springframework/cloud/spring-cloud-loadbalancer/4.1.3/spring-cloud-loadbalancer-4.1.3.jar:/Users/jeongjuhyeok/.m2/repository/io/projectreactor/reactor-core/3.6.6/reactor-core-3.6.6.jar:/Users/jeongjuhyeok/.m2/repository/org/reactivestreams/reactive-streams/1.0.4/reactive-streams-1.0.4.jar:/Users/jeongjuhyeok/.m2/repository/io/projectreactor/addons/reactor-extra/3.5.1/reactor-extra-3.5.1.jar:/Users/jeongjuhyeok/.m2/repository/org/springframework/boot/spring-boot-starter-cache/3.3.0/spring-boot-starter-cache-3.3.0.jar:/Users/jeongjuhyeok/.m2/repository/org/springframework/spring-context-support/6.1.8/spring-context-support-6.1.8.jar:/Users/jeongjuhyeok/.m2/repository/com/stoyanr/evictor/1.0.0/evictor-1.0.0.jar:/Users/jeongjuhyeok/.m2/repository/org/springframework/cloud/spring-cloud-starter-openfeign/4.1.2/spring-cloud-starter-openfeign-4.1.2.jar:/Users/jeongjuhyeok/.m2/repository/org/springframework/cloud/spring-cloud-openfeign-core/4.1.2/spring-cloud-openfeign-core-4.1.2.jar:/Users/jeongjuhyeok/.m2/repository/io/github/openfeign/form/feign-form-spring/3.8.0/feign-form-spring-3.8.0.jar:/Users/jeongjuhyeok/.m2/repository/io/github/openfeign/form/feign-form/3.8.0/feign-form-3.8.0.jar:/Users/jeongjuhyeok/.m2/repository/commons-fileupload/commons-fileupload/1.5/commons-fileupload-1.5.jar:/Users/jeongjuhyeok/.m2/repository/commons-io/commons-io/2.11.0/commons-io-2.11.0.jar:/Users/jeongjuhyeok/.m2/repository/org/springframework/cloud/spring-cloud-commons/4.1.3/spring-cloud-commons-4.1.3.jar:/Users/jeongjuhyeok/.m2/repository/org/springframework/security/spring-security-crypto/6.3.0/spring-security-crypto-6.3.0.jar:/Users/jeongjuhyeok/.m2/repository/io/github/openfeign/feign-core/13.2.1/feign-core-13.2.1.jar:/Users/jeongjuhyeok/.m2/repository/io/github/openfeign/feign-slf4j/13.2.1/feign-slf4j-13.2.1.jar:/Users/jeongjuhyeok/.m2/repository/org/springframework/boot/spring-boot-starter-data-jpa/3.3.0/spring-boot-starter-data-jpa-3.3.0.jar:/Users/jeongjuhyeok/.m2/repository/org/springframework/boot/spring-boot-starter-aop/3.3.0/spring-boot-starter-aop-3.3.0.jar:/Users/jeongjuhyeok/.m2/repository/org/aspectj/aspectjweaver/1.9.22/aspectjweaver-1.9.22.jar:/Users/jeongjuhyeok/.m2/repository/org/springframework/boot/spring-boot-starter-jdbc/3.3.0/spring-boot-starter-jdbc-3.3.0.jar:/Users/jeongjuhyeok/.m2/repository/com/zaxxer/HikariCP/5.1.0/HikariCP-5.1.0.jar:/Users/jeongjuhyeok/.m2/repository/org/springframework/spring-jdbc/6.1.8/spring-jdbc-6.1.8.jar:/Users/jeongjuhyeok/.m2/repository/org/hibernate/orm/hibernate-core/6.5.2.Final/hibernate-core-6.5.2.Final.jar:/Users/jeongjuhyeok/.m2/repository/jakarta/transaction/jakarta.transaction-api/2.0.1/jakarta.transaction-api-2.0.1.jar:/Users/jeongjuhyeok/.m2/repository/org/jboss/logging/jboss-logging/3.5.3.Final/jboss-logging-3.5.3.Final.jar:/Users/jeongjuhyeok/.m2/repository/org/hibernate/common/hibernate-commons-annotations/6.0.6.Final/hibernate-commons-annotations-6.0.6.Final.jar:/Users/jeongjuhyeok/.m2/repository/io/smallrye/jandex/3.1.2/jandex-3.1.2.jar:/Users/jeongjuhyeok/.m2/repository/com/fasterxml/classmate/1.7.0/classmate-1.7.0.jar:/Users/jeongjuhyeok/.m2/repository/net/bytebuddy/byte-buddy/1.14.16/byte-buddy-1.14.16.jar:/Users/jeongjuhyeok/.m2/repository/org/glassfish/jaxb/jaxb-runtime/4.0.5/jaxb-runtime-4.0.5.jar:/Users/jeongjuhyeok/.m2/repository/org/glassfish/jaxb/jaxb-core/4.0.5/jaxb-core-4.0.5.jar:/Users/jeongjuhyeok/.m2/repository/org/eclipse/angus/angus-activation/2.0.2/angus-activation-2.0.2.jar:/Users/jeongjuhyeok/.m2/repository/org/glassfish/jaxb/txw2/4.0.5/txw2-4.0.5.jar:/Users/jeongjuhyeok/.m2/repository/com/sun/istack/istack-commons-runtime/4.1.2/istack-commons-runtime-4.1.2.jar:/Users/jeongjuhyeok/.m2/repository/org/antlr/antlr4-runtime/4.13.0/antlr4-runtime-4.13.0.jar:/Users/jeongjuhyeok/.m2/repository/org/springframework/data/spring-data-jpa/3.3.0/spring-data-jpa-3.3.0.jar:/Users/jeongjuhyeok/.m2/repository/org/springframework/spring-orm/6.1.8/spring-orm-6.1.8.jar:/Users/jeongjuhyeok/.m2/repository/org/springframework/spring-aspects/6.1.8/spring-aspects-6.1.8.jar:/Users/jeongjuhyeok/.m2/repository/org/springframework/data/spring-data-elasticsearch/5.3.1/spring-data-elasticsearch-5.3.1.jar:/Users/jeongjuhyeok/.m2/repository/org/springframework/spring-context/6.1.8/spring-context-6.1.8.jar:/Users/jeongjuhyeok/.m2/repository/org/springframework/spring-tx/6.1.8/spring-tx-6.1.8.jar:/Users/jeongjuhyeok/.m2/repository/org/springframework/data/spring-data-commons/3.3.0/spring-data-commons-3.3.0.jar:/Users/jeongjuhyeok/.m2/repository/co/elastic/clients/elasticsearch-java/8.13.4/elasticsearch-java-8.13.4.jar:/Users/jeongjuhyeok/.m2/repository/com/google/code/findbugs/jsr305/3.0.2/jsr305-3.0.2.jar:/Users/jeongjuhyeok/.m2/repository/jakarta/json/jakarta.json-api/2.1.3/jakarta.json-api-2.1.3.jar:/Users/jeongjuhyeok/.m2/repository/org/eclipse/parsson/parsson/1.0.5/parsson-1.0.5.jar:/Users/jeongjuhyeok/.m2/repository/io/opentelemetry/opentelemetry-api/1.37.0/opentelemetry-api-1.37.0.jar:/Users/jeongjuhyeok/.m2/repository/io/opentelemetry/opentelemetry-context/1.37.0/opentelemetry-context-1.37.0.jar:/Users/jeongjuhyeok/.m2/repository/org/elasticsearch/client/elasticsearch-rest-client/8.13.4/elasticsearch-rest-client-8.13.4.jar:/Users/jeongjuhyeok/.m2/repository/org/apache/httpcomponents/httpcore/4.4.16/httpcore-4.4.16.jar:/Users/jeongjuhyeok/.m2/repository/org/apache/httpcomponents/httpasyncclient/4.1.5/httpasyncclient-4.1.5.jar:/Users/jeongjuhyeok/.m2/repository/org/apache/httpcomponents/httpcore-nio/4.4.16/httpcore-nio-4.4.16.jar:/Users/jeongjuhyeok/.m2/repository/commons-codec/commons-codec/1.16.1/commons-codec-1.16.1.jar:/Users/jeongjuhyeok/.m2/repository/com/fasterxml/jackson/core/jackson-core/2.17.1/jackson-core-2.17.1.jar:/Users/jeongjuhyeok/.m2/repository/org/slf4j/slf4j-api/2.0.13/slf4j-api-2.0.13.jar:/Users/jeongjuhyeok/.m2/repository/org/springframework/boot/spring-boot-starter-test/3.3.0/spring-boot-starter-test-3.3.0.jar:/Users/jeongjuhyeok/.m2/repository/org/springframework/boot/spring-boot-test/3.3.0/spring-boot-test-3.3.0.jar:/Users/jeongjuhyeok/.m2/repository/org/springframework/boot/spring-boot-test-autoconfigure/3.3.0/spring-boot-test-autoconfigure-3.3.0.jar:/Users/jeongjuhyeok/.m2/repository/com/jayway/jsonpath/json-path/2.9.0/json-path-2.9.0.jar:/Users/jeongjuhyeok/.m2/repository/jakarta/xml/bind/jakarta.xml.bind-api/4.0.2/jakarta.xml.bind-api-4.0.2.jar:/Users/jeongjuhyeok/.m2/repository/jakarta/activation/jakarta.activation-api/2.1.3/jakarta.activation-api-2.1.3.jar:/Users/jeongjuhyeok/.m2/repository/net/minidev/json-smart/2.5.1/json-smart-2.5.1.jar:/Users/jeongjuhyeok/.m2/repository/net/minidev/accessors-smart/2.5.1/accessors-smart-2.5.1.jar:/Users/jeongjuhyeok/.m2/repository/org/ow2/asm/asm/9.6/asm-9.6.jar:/Users/jeongjuhyeok/.m2/repository/org/assertj/assertj-core/3.25.3/assertj-core-3.25.3.jar:/Users/jeongjuhyeok/.m2/repository/org/awaitility/awaitility/4.2.1/awaitility-4.2.1.jar:/Users/jeongjuhyeok/.m2/repository/org/hamcrest/hamcrest/2.2/hamcrest-2.2.jar:/Users/jeongjuhyeok/.m2/repository/org/junit/jupiter/junit-jupiter/5.10.2/junit-jupiter-5.10.2.jar:/Users/jeongjuhyeok/.m2/repository/org/junit/jupiter/junit-jupiter-api/5.10.2/junit-jupiter-api-5.10.2.jar:/Users/jeongjuhyeok/.m2/repository/org/opentest4j/opentest4j/1.3.0/opentest4j-1.3.0.jar:/Users/jeongjuhyeok/.m2/repository/org/junit/platform/junit-platform-commons/1.10.2/junit-platform-commons-1.10.2.jar:/Users/jeongjuhyeok/.m2/repository/org/apiguardian/apiguardian-api/1.1.2/apiguardian-api-1.1.2.jar:/Users/jeongjuhyeok/.m2/repository/org/junit/jupiter/junit-jupiter-params/5.10.2/junit-jupiter-params-5.10.2.jar:/Users/jeongjuhyeok/.m2/repository/org/junit/jupiter/junit-jupiter-engine/5.10.2/junit-jupiter-engine-5.10.2.jar:/Users/jeongjuhyeok/.m2/repository/org/junit/platform/junit-platform-engine/1.10.2/junit-platform-engine-1.10.2.jar:/Users/jeongjuhyeok/.m2/repository/org/mockito/mockito-core/5.11.0/mockito-core-5.11.0.jar:/Users/jeongjuhyeok/.m2/repository/net/bytebuddy/byte-buddy-agent/1.14.16/byte-buddy-agent-1.14.16.jar:/Users/jeongjuhyeok/.m2/repository/org/objenesis/objenesis/3.3/objenesis-3.3.jar:/Users/jeongjuhyeok/.m2/repository/org/mockito/mockito-junit-jupiter/5.11.0/mockito-junit-jupiter-5.11.0.jar:/Users/jeongjuhyeok/.m2/repository/org/skyscreamer/jsonassert/1.5.1/jsonassert-1.5.1.jar:/Users/jeongjuhyeok/.m2/repository/com/vaadin/external/google/android-json/0.0.20131108.vaadin1/android-json-0.0.20131108.vaadin1.jar:/Users/jeongjuhyeok/.m2/repository/org/springframework/spring-core/6.1.8/spring-core-6.1.8.jar:/Users/jeongjuhyeok/.m2/repository/org/springframework/spring-jcl/6.1.8/spring-jcl-6.1.8.jar:/Users/jeongjuhyeok/.m2/repository/org/springframework/spring-test/6.1.8/spring-test-6.1.8.jar:/Users/jeongjuhyeok/.m2/repository/org/xmlunit/xmlunit-core/2.9.1/xmlunit-core-2.9.1.jar:/Users/jeongjuhyeok/.m2/repository/org/springframework/boot/spring-boot-starter-data-rest/3.3.0/spring-boot-starter-data-rest-3.3.0.jar:/Users/jeongjuhyeok/.m2/repository/org/springframework/data/spring-data-rest-webmvc/4.3.0/spring-data-rest-webmvc-4.3.0.jar:/Users/jeongjuhyeok/.m2/repository/org/springframework/data/spring-data-rest-core/4.3.0/spring-data-rest-core-4.3.0.jar:/Users/jeongjuhyeok/.m2/repository/org/springframework/hateoas/spring-hateoas/2.3.0/spring-hateoas-2.3.0.jar:/Users/jeongjuhyeok/.m2/repository/org/springframework/plugin/spring-plugin-core/3.0.0/spring-plugin-core-3.0.0.jar:/Users/jeongjuhyeok/.m2/repository/org/atteo/evo-inflector/1.3/evo-inflector-1.3.jar:/Users/jeongjuhyeok/.m2/repository/org/springframework/boot/spring-boot-starter-validation/3.3.0/spring-boot-starter-validation-3.3.0.jar:/Users/jeongjuhyeok/.m2/repository/org/apache/tomcat/embed/tomcat-embed-el/10.1.24/tomcat-embed-el-10.1.24.jar:/Users/jeongjuhyeok/.m2/repository/org/hibernate/validator/hibernate-validator/8.0.1.Final/hibernate-validator-8.0.1.Final.jar:/Users/jeongjuhyeok/.m2/repository/jakarta/validation/jakarta.validation-api/3.0.2/jakarta.validation-api-3.0.2.jar:/Users/jeongjuhyeok/.m2/repository/com/h2database/h2/2.2.224/h2-2.2.224.jar:/Users/jeongjuhyeok/.m2/repository/com/mysql/mysql-connector-j/8.3.0/mysql-connector-j-8.3.0.jar:/Users/jeongjuhyeok/.m2/repository/com/querydsl/querydsl-jpa/5.0.0/querydsl-jpa-5.0.0-jakarta.jar:/Users/jeongjuhyeok/.m2/repository/com/querydsl/querydsl-core/5.1.0/querydsl-core-5.1.0.jar:/Users/jeongjuhyeok/.m2/repository/com/mysema/commons/mysema-commons-lang/0.2.4/mysema-commons-lang-0.2.4.jar:/Users/jeongjuhyeok/.m2/repository/com/querydsl/querydsl-apt/5.0.0/querydsl-apt-5.0.0-jakarta.jar:/Users/jeongjuhyeok/.m2/repository/com/querydsl/querydsl-codegen/5.1.0/querydsl-codegen-5.1.0.jar:/Users/jeongjuhyeok/.m2/repository/com/querydsl/codegen-utils/5.1.0/codegen-utils-5.1.0.jar:/Users/jeongjuhyeok/.m2/repository/org/eclipse/jdt/ecj/3.26.0/ecj-3.26.0.jar:/Users/jeongjuhyeok/.m2/repository/javax/inject/javax.inject/1/javax.inject-1.jar:/Users/jeongjuhyeok/.m2/repository/io/github/classgraph/classgraph/4.8.146/classgraph-4.8.146.jar:/Users/jeongjuhyeok/.m2/repository/jakarta/annotation/jakarta.annotation-api/2.1.1/jakarta.annotation-api-2.1.1.jar:/Users/jeongjuhyeok/.m2/repository/jakarta/persistence/jakarta.persistence-api/3.1.0/jakarta.persistence-api-3.1.0.jar:/Users/jeongjuhyeok/.m2/repository/org/projectlombok/lombok/1.18.32/lombok-1.18.32.jar:/Users/jeongjuhyeok/.m2/repository/com/fasterxml/jackson/core/jackson-databind/2.17.1/jackson-databind-2.17.1.jar:/Users/jeongjuhyeok/.m2/repository/com/fasterxml/jackson/core/jackson-annotations/2.17.1/jackson-annotations-2.17.1.jar:/Users/jeongjuhyeok/.m2/repository/com/fasterxml/uuid/java-uuid-generator/4.0.1/java-uuid-generator-4.0.1.jar:/Users/jeongjuhyeok/.m2/repository/com/amazonaws/aws-java-sdk-s3/1.12.470/aws-java-sdk-s3-1.12.470.jar:/Users/jeongjuhyeok/.m2/repository/com/amazonaws/aws-java-sdk-kms/1.12.470/aws-java-sdk-kms-1.12.470.jar:/Users/jeongjuhyeok/.m2/repository/com/amazonaws/aws-java-sdk-core/1.12.470/aws-java-sdk-core-1.12.470.jar:/Users/jeongjuhyeok/.m2/repository/commons-logging/commons-logging/1.1.3/commons-logging-1.1.3.jar:/Users/jeongjuhyeok/.m2/repository/software/amazon/ion/ion-java/1.0.2/ion-java-1.0.2.jar:/Users/jeongjuhyeok/.m2/repository/com/fasterxml/jackson/dataformat/jackson-dataformat-cbor/2.17.1/jackson-dataformat-cbor-2.17.1.jar:/Users/jeongjuhyeok/.m2/repository/joda-time/joda-time/2.8.1/joda-time-2.8.1.jar:/Users/jeongjuhyeok/.m2/repository/com/amazonaws/jmespath-java/1.12.470/jmespath-java-1.12.470.jar:"/>
    <property name="sun.cpu.endian" value="little"/>
    <property name="user.home" value="/Users/jeongjuhyeok"/>
    <property name="user.language" value="ko"/>
    <property name="java.specification.vendor" value="Oracle Corporation"/>
    <property name="java.version.date" value="2024-04-16"/>
    <property name="java.home" value="/Users/jeongjuhyeok/Library/Java/JavaVirtualMachines/corretto-21.0.3/Contents/Home"/>
    <property name="file.separator" value="/"/>
    <property name="basedir" value="/Users/jeongjuhyeok/Desktop/3runner/3runner-bookstore/3runner-bookstore"/>
    <property name="java.vm.compressedOopsMode" value="Zero based"/>
    <property name="line.separator" value="&#10;"/>
    <property name="java.vm.specification.vendor" value="Oracle Corporation"/>
    <property name="java.specification.name" value="Java Platform API Specification"/>
    <property name="FILE_LOG_CHARSET" value="UTF-8"/>
    <property name="java.awt.headless" value="true"/>
    <property name="apple.awt.application.name" value="ForkedBooter"/>
    <property name="surefire.real.class.path" value="/Users/jeongjuhyeok/Desktop/3runner/3runner-bookstore/3runner-bookstore/target/surefire/surefirebooter-20240626021751771_3.jar"/>
    <property name="sun.management.compiler" value="HotSpot 64-Bit Tiered Compilers"/>
    <property name="ftp.nonProxyHosts" value="local|*.local|169.254/16|*.169.254/16"/>
    <property name="java.runtime.version" value="21.0.3+9-LTS"/>
    <property name="user.name" value="jeongjuhyeok"/>
    <property name="stdout.encoding" value="UTF-8"/>
    <property name="path.separator" value=":"/>
    <property name="os.version" value="14.4.1"/>
    <property name="java.runtime.name" value="OpenJDK Runtime Environment"/>
    <property name="file.encoding" value="UTF-8"/>
    <property name="java.vm.name" value="OpenJDK 64-Bit Server VM"/>
    <property name="java.vendor.version" value="Corretto-21.0.3.9.1"/>
    <property name="localRepository" value="/Users/jeongjuhyeok/.m2/repository"/>
    <property name="java.vendor.url.bug" value="https://github.com/corretto/corretto-21/issues/"/>
    <property name="java.io.tmpdir" value="/var/folders/l4/sc3f2nb13t55_w16hcpccqv80000gn/T/"/>
    <property name="idea.version" value="2024.1.4"/>
    <property name="java.version" value="21.0.3"/>
    <property name="user.dir" value="/Users/jeongjuhyeok/Desktop/3runner/3runner-bookstore/3runner-bookstore"/>
    <property name="os.arch" value="aarch64"/>
    <property name="java.vm.specification.name" value="Java Virtual Machine Specification"/>
    <property name="PID" value="38852"/>
    <property name="CONSOLE_LOG_CHARSET" value="UTF-8"/>
    <property name="native.encoding" value="UTF-8"/>
    <property name="java.library.path" value="/Users/jeongjuhyeok/Library/Java/Extensions:/Library/Java/Extensions:/Network/Library/Java/Extensions:/System/Library/Java/Extensions:/usr/lib/java:."/>
    <property name="java.vm.info" value="mixed mode, sharing"/>
    <property name="stderr.encoding" value="UTF-8"/>
    <property name="java.vendor" value="Amazon.com Inc."/>
    <property name="java.vm.version" value="21.0.3+9-LTS"/>
    <property name="sun.io.unicode.encoding" value="UnicodeBig"/>
    <property name="socksNonProxyHosts" value="local|*.local|169.254/16|*.169.254/16"/>
    <property name="java.class.version" value="65.0"/>
    <property name="LOGGED_APPLICATION_NAME" value="[3runner-bookstore] "/>
  </properties>
  <testcase name="testFindAllBookIdByTagId" classname="com.nhnacademy.bookstore.book.booktag.repository.BookTagRepositoryTest" time="0.016">
    <system-out><![CDATA[2024-06-26T02:17:56.520+09:00  INFO 38852 --- [3runner-bookstore] [           main] t.c.s.AnnotationConfigContextLoaderUtils : Could not detect default configuration classes for test class [com.nhnacademy.bookstore.book.booktag.repository.BookTagRepositoryTest]: BookTagRepositoryTest does not declare any static, non-private, non-final, nested classes annotated with @Configuration.
2024-06-26T02:17:56.534+09:00  INFO 38852 --- [3runner-bookstore] [           main] .b.t.c.SpringBootTestContextBootstrapper : Found @SpringBootConfiguration com.nhnacademy.bookstore.BookStore for test class com.nhnacademy.bookstore.book.booktag.repository.BookTagRepositoryTest
  .   ____          _            __ _ _
 /\\ / ___'_ __ _ _(_)_ __  __ _ \ \ \ \
( ( )\___ | '_ | '_| | '_ \/ _` | \ \ \ \
 \\/  ___)| |_)| | | | | || (_| |  ) ) ) )
  '  |____| .__|_| |_|_| |_\__, | / / / /
 =========|_|==============|___/=/_/_/_/

 :: Spring Boot ::                (v3.3.0)

2024-06-26T02:17:56.551+09:00  INFO 38852 --- [3runner-bookstore] [           main] c.n.b.b.b.r.BookTagRepositoryTest        : Starting BookTagRepositoryTest using Java 21.0.3 with PID 38852 (started by jeongjuhyeok in /Users/jeongjuhyeok/Desktop/3runner/3runner-bookstore/3runner-bookstore)
2024-06-26T02:17:56.551+09:00  INFO 38852 --- [3runner-bookstore] [           main] c.n.b.b.b.r.BookTagRepositoryTest        : The following 1 profile is active: "prod"
2024-06-26T02:17:56.614+09:00  INFO 38852 --- [3runner-bookstore] [           main] .s.d.r.c.RepositoryConfigurationDelegate : Multiple Spring Data modules found, entering strict repository configuration mode
2024-06-26T02:17:56.614+09:00  INFO 38852 --- [3runner-bookstore] [           main] .s.d.r.c.RepositoryConfigurationDelegate : Bootstrapping Spring Data JPA repositories in DEFAULT mode.
2024-06-26T02:17:56.638+09:00  INFO 38852 --- [3runner-bookstore] [           main] .s.d.r.c.RepositoryConfigurationDelegate : Finished Spring Data repository scanning in 23 ms. Found 26 JPA repository interfaces.
2024-06-26T02:17:56.648+09:00  INFO 38852 --- [3runner-bookstore] [           main] beddedDataSourceBeanFactoryPostProcessor : Replacing 'dataSource' DataSource bean with embedded version
2024-06-26T02:17:56.655+09:00  INFO 38852 --- [3runner-bookstore] [           main] o.s.j.d.e.EmbeddedDatabaseFactory        : Starting embedded database: url='jdbc:h2:mem:d3dfed18-7c93-4962-af5a-06c95bfa5ec6;DB_CLOSE_DELAY=-1;DB_CLOSE_ON_EXIT=false', username='sa'
2024-06-26T02:17:56.668+09:00  INFO 38852 --- [3runner-bookstore] [           main] o.hibernate.jpa.internal.util.LogHelper  : HHH000204: Processing PersistenceUnitInfo [name: default]
2024-06-26T02:17:56.669+09:00  INFO 38852 --- [3runner-bookstore] [           main] o.h.c.internal.RegionFactoryInitiator    : HHH000026: Second-level cache disabled
2024-06-26T02:17:56.673+09:00  INFO 38852 --- [3runner-bookstore] [           main] o.s.o.j.p.SpringPersistenceUnitInfo      : No LoadTimeWeaver setup: ignoring JPA class transformer
2024-06-26T02:17:56.803+09:00  INFO 38852 --- [3runner-bookstore] [           main] o.h.e.t.j.p.i.JtaPlatformInitiator       : HHH000489: No JTA platform available (set 'hibernate.transaction.jta.platform' to enable JTA platform integration)
&amp#27;[35m[Hibernate]&amp#27;[0m 
    &amp#27;[34mcreate&amp#27;[0m &amp#27;[34mtable&amp#27;[0m &amp#27;[32m"member"&amp#27;[0m (
        id &amp#27;[34mbigint&amp#27;[0m generated &amp#27;[34mby&amp#27;[0m &amp#27;[34mdefault&amp#27;[0m &amp#27;[34mas&amp#27;[0m &amp#27;[34midentity&amp#27;[0m,
        age &amp#27;[34minteger&amp#27;[0m &amp#27;[34mnot&amp#27;[0m &amp#27;[34mnull&amp#27;[0m,
        birthday &amp#27;[34mtimestamp&amp#27;[0m(6) &amp#27;[34mwith&amp#27;[0m &amp#27;[34mtime&amp#27;[0m zone,
        created_at &amp#27;[34mtimestamp&amp#27;[0m(6) &amp#27;[34mwith&amp#27;[0m &amp#27;[34mtime&amp#27;[0m zone &amp#27;[34mnot&amp#27;[0m &amp#27;[34mnull&amp#27;[0m,
        deleted_at &amp#27;[34mtimestamp&amp#27;[0m(6) &amp#27;[34mwith&amp#27;[0m &amp#27;[34mtime&amp#27;[0m zone,
        email &amp#27;[34mvarchar&amp#27;[0m(255) &amp#27;[34mnot&amp#27;[0m &amp#27;[34mnull&amp#27;[0m,
        grade tinyint &amp#27;[34mnot&amp#27;[0m &amp#27;[34mnull&amp#27;[0m &amp#27;[34mcheck&amp#27;[0m (grade &amp#27;[34mbetween&amp#27;[0m 0 &amp#27;[34mand&amp#27;[0m 3),
        last_login_date &amp#27;[34mtimestamp&amp#27;[0m(6) &amp#27;[34mwith&amp#27;[0m &amp#27;[34mtime&amp#27;[0m zone,
        modified_at &amp#27;[34mtimestamp&amp#27;[0m(6) &amp#27;[34mwith&amp#27;[0m &amp#27;[34mtime&amp#27;[0m zone,
        name &amp#27;[34mvarchar&amp#27;[0m(10) &amp#27;[34mnot&amp#27;[0m &amp#27;[34mnull&amp#27;[0m,
        password &amp#27;[34mvarchar&amp#27;[0m(50) &amp#27;[34mnot&amp#27;[0m &amp#27;[34mnull&amp#27;[0m,
        phone &amp#27;[34mvarchar&amp#27;[0m(11) &amp#27;[34mnot&amp#27;[0m &amp#27;[34mnull&amp#27;[0m,
        point &amp#27;[34mbigint&amp#27;[0m &amp#27;[34mnot&amp#27;[0m &amp#27;[34mnull&amp#27;[0m,
        status tinyint &amp#27;[34mnot&amp#27;[0m &amp#27;[34mnull&amp#27;[0m &amp#27;[34mcheck&amp#27;[0m (status &amp#27;[34mbetween&amp#27;[0m 0 &amp#27;[34mand&amp#27;[0m 2),
        &amp#27;[34mprimary&amp#27;[0m &amp#27;[34mkey&amp#27;[0m (id)
    )
&amp#27;[35m[Hibernate]&amp#27;[0m 
    &amp#27;[34mcreate&amp#27;[0m &amp#27;[34mtable&amp#27;[0m address (
        id &amp#27;[34mbigint&amp#27;[0m generated &amp#27;[34mby&amp#27;[0m &amp#27;[34mdefault&amp#27;[0m &amp#27;[34mas&amp#27;[0m &amp#27;[34midentity&amp#27;[0m,
        city &amp#27;[34mvarchar&amp#27;[0m(100) &amp#27;[34mnot&amp#27;[0m &amp#27;[34mnull&amp#27;[0m,
        country &amp#27;[34mvarchar&amp#27;[0m(100) &amp#27;[34mnot&amp#27;[0m &amp#27;[34mnull&amp#27;[0m,
        name &amp#27;[34mvarchar&amp#27;[0m(20) &amp#27;[34mnot&amp#27;[0m &amp#27;[34mnull&amp#27;[0m,
        postal_code &amp#27;[34mvarchar&amp#27;[0m(20) &amp#27;[34mnot&amp#27;[0m &amp#27;[34mnull&amp#27;[0m,
        road &amp#27;[34mvarchar&amp#27;[0m(100) &amp#27;[34mnot&amp#27;[0m &amp#27;[34mnull&amp#27;[0m,
        state &amp#27;[34mvarchar&amp#27;[0m(100) &amp#27;[34mnot&amp#27;[0m &amp#27;[34mnull&amp#27;[0m,
        &amp#27;[32m"member_id"&amp#27;[0m &amp#27;[34mbigint&amp#27;[0m &amp#27;[34mnot&amp#27;[0m &amp#27;[34mnull&amp#27;[0m,
        &amp#27;[34mprimary&amp#27;[0m &amp#27;[34mkey&amp#27;[0m (id)
    )
&amp#27;[35m[Hibernate]&amp#27;[0m 
    &amp#27;[34mcreate&amp#27;[0m &amp#27;[34mtable&amp#27;[0m auth (
        id &amp#27;[34mbigint&amp#27;[0m generated &amp#27;[34mby&amp#27;[0m &amp#27;[34mdefault&amp#27;[0m &amp#27;[34mas&amp#27;[0m &amp#27;[34midentity&amp#27;[0m,
        name &amp#27;[34mvarchar&amp#27;[0m(50),
        &amp#27;[34mprimary&amp#27;[0m &amp#27;[34mkey&amp#27;[0m (id)
    )
&amp#27;[35m[Hibernate]&amp#27;[0m 
    &amp#27;[34mcreate&amp#27;[0m &amp#27;[34mtable&amp#27;[0m book (
        id &amp#27;[34mbigint&amp#27;[0m generated &amp#27;[34mby&amp#27;[0m &amp#27;[34mdefault&amp#27;[0m &amp#27;[34mas&amp#27;[0m &amp#27;[34midentity&amp#27;[0m,
        author &amp#27;[34mvarchar&amp#27;[0m(50) &amp#27;[34mnot&amp#27;[0m &amp#27;[34mnull&amp#27;[0m,
        created_at &amp#27;[34mtimestamp&amp#27;[0m(6) &amp#27;[34mwith&amp#27;[0m &amp#27;[34mtime&amp#27;[0m zone &amp#27;[34mnot&amp#27;[0m &amp#27;[34mnull&amp#27;[0m,
        description TEXT,
        isbn &amp#27;[34mvarchar&amp#27;[0m(20) &amp#27;[34mnot&amp#27;[0m &amp#27;[34mnull&amp#27;[0m,
        packing &amp#27;[34mboolean&amp#27;[0m &amp#27;[34mnot&amp#27;[0m &amp#27;[34mnull&amp#27;[0m,
        price &amp#27;[34minteger&amp#27;[0m &amp#27;[34mnot&amp#27;[0m &amp#27;[34mnull&amp#27;[0m &amp#27;[34mcheck&amp#27;[0m (price>=0),
        published_date &amp#27;[34mtimestamp&amp#27;[0m(6) &amp#27;[34mwith&amp#27;[0m &amp#27;[34mtime&amp#27;[0m zone,
        publisher &amp#27;[34mvarchar&amp#27;[0m(50) &amp#27;[34mnot&amp#27;[0m &amp#27;[34mnull&amp#27;[0m,
        quantity &amp#27;[34minteger&amp#27;[0m &amp#27;[34mnot&amp#27;[0m &amp#27;[34mnull&amp#27;[0m &amp#27;[34mcheck&amp#27;[0m (quantity>=0),
        selling_price &amp#27;[34minteger&amp#27;[0m &amp#27;[34mnot&amp#27;[0m &amp#27;[34mnull&amp#27;[0m &amp#27;[34mcheck&amp#27;[0m (selling_price>=0),
        title &amp#27;[34mvarchar&amp#27;[0m(50) &amp#27;[34mnot&amp#27;[0m &amp#27;[34mnull&amp#27;[0m,
        view_count &amp#27;[34mint&amp#27;[0m &amp#27;[34mdefault&amp#27;[0m 0 &amp#27;[34mnot&amp#27;[0m &amp#27;[34mnull&amp#27;[0m &amp#27;[34mcheck&amp#27;[0m (view_count>=0),
        &amp#27;[34mprimary&amp#27;[0m &amp#27;[34mkey&amp#27;[0m (id)
    )
&amp#27;[35m[Hibernate]&amp#27;[0m 
    &amp#27;[34mcreate&amp#27;[0m &amp#27;[34mtable&amp#27;[0m book_cart (
        id &amp#27;[34mbigint&amp#27;[0m generated &amp#27;[34mby&amp#27;[0m &amp#27;[34mdefault&amp#27;[0m &amp#27;[34mas&amp#27;[0m &amp#27;[34midentity&amp#27;[0m,
        created_at &amp#27;[34mtimestamp&amp#27;[0m(6) &amp#27;[34mwith&amp#27;[0m &amp#27;[34mtime&amp#27;[0m zone &amp#27;[34mnot&amp#27;[0m &amp#27;[34mnull&amp#27;[0m,
        quantity &amp#27;[34mint&amp#27;[0m &amp#27;[34mdefault&amp#27;[0m 0 &amp#27;[34mnot&amp#27;[0m &amp#27;[34mnull&amp#27;[0m &amp#27;[34mcheck&amp#27;[0m (quantity>=0),
        book_id &amp#27;[34mbigint&amp#27;[0m,
        cart_id &amp#27;[34mbigint&amp#27;[0m,
        &amp#27;[34mprimary&amp#27;[0m &amp#27;[34mkey&amp#27;[0m (id)
    )
&amp#27;[35m[Hibernate]&amp#27;[0m 
    &amp#27;[34mcreate&amp#27;[0m &amp#27;[34mtable&amp#27;[0m book_category (
        id &amp#27;[34mbigint&amp#27;[0m generated &amp#27;[34mby&amp#27;[0m &amp#27;[34mdefault&amp#27;[0m &amp#27;[34mas&amp#27;[0m &amp#27;[34midentity&amp#27;[0m,
        book_id &amp#27;[34mbigint&amp#27;[0m,
        category_id &amp#27;[34mbigint&amp#27;[0m,
        &amp#27;[34mprimary&amp#27;[0m &amp#27;[34mkey&amp#27;[0m (id)
    )
&amp#27;[35m[Hibernate]&amp#27;[0m 
    &amp#27;[34mcreate&amp#27;[0m &amp#27;[34mtable&amp#27;[0m book_image (
        type tinyint &amp#27;[34mnot&amp#27;[0m &amp#27;[34mnull&amp#27;[0m &amp#27;[34mcheck&amp#27;[0m (type &amp#27;[34mbetween&amp#27;[0m 0 &amp#27;[34mand&amp#27;[0m 2),
        url &amp#27;[34mvarchar&amp#27;[0m(50) &amp#27;[34mnot&amp#27;[0m &amp#27;[34mnull&amp#27;[0m,
        book_id &amp#27;[34mbigint&amp#27;[0m &amp#27;[34mnot&amp#27;[0m &amp#27;[34mnull&amp#27;[0m,
        &amp#27;[34mprimary&amp#27;[0m &amp#27;[34mkey&amp#27;[0m (book_id)
    )
&amp#27;[35m[Hibernate]&amp#27;[0m 
    &amp#27;[34mcreate&amp#27;[0m &amp#27;[34mtable&amp#27;[0m book_like (
        id &amp#27;[34mbigint&amp#27;[0m generated &amp#27;[34mby&amp#27;[0m &amp#27;[34mdefault&amp#27;[0m &amp#27;[34mas&amp#27;[0m &amp#27;[34midentity&amp#27;[0m,
        created_at &amp#27;[34mtimestamp&amp#27;[0m(6) &amp#27;[34mwith&amp#27;[0m &amp#27;[34mtime&amp#27;[0m zone &amp#27;[34mnot&amp#27;[0m &amp#27;[34mnull&amp#27;[0m,
        book_id &amp#27;[34mbigint&amp#27;[0m,
        &amp#27;[32m"member_id"&amp#27;[0m &amp#27;[34mbigint&amp#27;[0m,
        &amp#27;[34mprimary&amp#27;[0m &amp#27;[34mkey&amp#27;[0m (id)
    )
&amp#27;[35m[Hibernate]&amp#27;[0m 
    &amp#27;[34mcreate&amp#27;[0m &amp#27;[34mtable&amp#27;[0m book_tag (
        id &amp#27;[34mbigint&amp#27;[0m generated &amp#27;[34mby&amp#27;[0m &amp#27;[34mdefault&amp#27;[0m &amp#27;[34mas&amp#27;[0m &amp#27;[34midentity&amp#27;[0m,
        book_id &amp#27;[34mbigint&amp#27;[0m,
        tag_id &amp#27;[34mbigint&amp#27;[0m,
        &amp#27;[34mprimary&amp#27;[0m &amp#27;[34mkey&amp#27;[0m (id)
    )
&amp#27;[35m[Hibernate]&amp#27;[0m 
    &amp#27;[34mcreate&amp#27;[0m &amp#27;[34mtable&amp#27;[0m cart (
        id &amp#27;[34mbigint&amp#27;[0m generated &amp#27;[34mby&amp#27;[0m &amp#27;[34mdefault&amp#27;[0m &amp#27;[34mas&amp#27;[0m &amp#27;[34midentity&amp#27;[0m,
        &amp#27;[32m"member_id"&amp#27;[0m &amp#27;[34mbigint&amp#27;[0m,
        &amp#27;[34mprimary&amp#27;[0m &amp#27;[34mkey&amp#27;[0m (id)
    )
&amp#27;[35m[Hibernate]&amp#27;[0m 
    &amp#27;[34mcreate&amp#27;[0m &amp#27;[34mtable&amp#27;[0m category (
        id &amp#27;[34mbigint&amp#27;[0m generated &amp#27;[34mby&amp#27;[0m &amp#27;[34mdefault&amp#27;[0m &amp#27;[34mas&amp#27;[0m &amp#27;[34midentity&amp#27;[0m,
        name &amp#27;[34mvarchar&amp#27;[0m(30) &amp#27;[34mnot&amp#27;[0m &amp#27;[34mnull&amp#27;[0m,
        parent_id &amp#27;[34mbigint&amp#27;[0m,
        &amp#27;[34mprimary&amp#27;[0m &amp#27;[34mkey&amp#27;[0m (id)
    )
&amp#27;[35m[Hibernate]&amp#27;[0m 
    &amp#27;[34mcreate&amp#27;[0m &amp#27;[34mtable&amp#27;[0m comment (
        id &amp#27;[34mbigint&amp#27;[0m generated &amp#27;[34mby&amp#27;[0m &amp#27;[34mdefault&amp#27;[0m &amp#27;[34mas&amp#27;[0m &amp#27;[34midentity&amp#27;[0m,
        content &amp#27;[34mvarchar&amp#27;[0m(100) &amp#27;[34mnot&amp#27;[0m &amp#27;[34mnull&amp#27;[0m,
        created_at &amp#27;[34mtimestamp&amp#27;[0m(6) &amp#27;[34mwith&amp#27;[0m &amp#27;[34mtime&amp#27;[0m zone &amp#27;[34mnot&amp#27;[0m &amp#27;[34mnull&amp#27;[0m,
        deleted_at &amp#27;[34mtimestamp&amp#27;[0m(6) &amp#27;[34mwith&amp#27;[0m &amp#27;[34mtime&amp#27;[0m zone,
        status tinyint &amp#27;[34mnot&amp#27;[0m &amp#27;[34mnull&amp#27;[0m &amp#27;[34mcheck&amp#27;[0m (status &amp#27;[34mbetween&amp#27;[0m 0 &amp#27;[34mand&amp#27;[0m 1),
        updated_at &amp#27;[34mtimestamp&amp#27;[0m(6) &amp#27;[34mwith&amp#27;[0m &amp#27;[34mtime&amp#27;[0m zone,
        &amp#27;[32m"member_id"&amp#27;[0m &amp#27;[34mbigint&amp#27;[0m,
        review_id &amp#27;[34mbigint&amp#27;[0m &amp#27;[34mnot&amp#27;[0m &amp#27;[34mnull&amp#27;[0m,
        &amp#27;[34mprimary&amp#27;[0m &amp#27;[34mkey&amp#27;[0m (id)
    )
&amp#27;[35m[Hibernate]&amp#27;[0m 
    &amp#27;[34mcreate&amp#27;[0m &amp#27;[34mtable&amp#27;[0m coupon (
        id &amp#27;[34mbigint&amp#27;[0m generated &amp#27;[34mby&amp#27;[0m &amp#27;[34mdefault&amp#27;[0m &amp#27;[34mas&amp#27;[0m &amp#27;[34midentity&amp#27;[0m,
        coupon_form_id &amp#27;[34mbigint&amp#27;[0m &amp#27;[34mnot&amp#27;[0m &amp#27;[34mnull&amp#27;[0m,
        coupon_status tinyint &amp#27;[34mnot&amp#27;[0m &amp#27;[34mnull&amp#27;[0m &amp#27;[34mcheck&amp#27;[0m (coupon_status &amp#27;[34mbetween&amp#27;[0m 0 &amp#27;[34mand&amp#27;[0m 1),
        issued_at &amp#27;[34mtimestamp&amp#27;[0m(6) &amp#27;[34mwith&amp#27;[0m &amp#27;[34mtime&amp#27;[0m zone &amp#27;[34mnot&amp#27;[0m &amp#27;[34mnull&amp#27;[0m,
        &amp#27;[32m"member_id"&amp#27;[0m &amp#27;[34mbigint&amp#27;[0m,
        &amp#27;[34mprimary&amp#27;[0m &amp#27;[34mkey&amp#27;[0m (id)
    )
&amp#27;[35m[Hibernate]&amp#27;[0m 
    &amp#27;[34mcreate&amp#27;[0m &amp#27;[34mtable&amp#27;[0m member_auth (
        id &amp#27;[34mbigint&amp#27;[0m generated &amp#27;[34mby&amp#27;[0m &amp#27;[34mdefault&amp#27;[0m &amp#27;[34mas&amp#27;[0m &amp#27;[34midentity&amp#27;[0m,
        auth_id &amp#27;[34mbigint&amp#27;[0m &amp#27;[34mnot&amp#27;[0m &amp#27;[34mnull&amp#27;[0m,
        &amp#27;[32m"member_id"&amp#27;[0m &amp#27;[34mbigint&amp#27;[0m &amp#27;[34mnot&amp#27;[0m &amp#27;[34mnull&amp#27;[0m,
        &amp#27;[34mprimary&amp#27;[0m &amp#27;[34mkey&amp#27;[0m (id)
    )
&amp#27;[35m[Hibernate]&amp#27;[0m 
    &amp#27;[34mcreate&amp#27;[0m &amp#27;[34mtable&amp#27;[0m payment (
        id &amp#27;[34mbigint&amp#27;[0m generated &amp#27;[34mby&amp#27;[0m &amp#27;[34mdefault&amp#27;[0m &amp#27;[34mas&amp#27;[0m &amp#27;[34midentity&amp#27;[0m,
        paid_at &amp#27;[34mtimestamp&amp#27;[0m(6) &amp#27;[34mwith&amp#27;[0m &amp#27;[34mtime&amp#27;[0m zone &amp#27;[34mnot&amp#27;[0m &amp#27;[34mnull&amp#27;[0m,
        payment_status tinyint &amp#27;[34mcheck&amp#27;[0m (payment_status &amp#27;[34mbetween&amp#27;[0m 0 &amp#27;[34mand&amp#27;[0m 2),
        payment_type_id &amp#27;[34mbigint&amp#27;[0m,
        purchase_id &amp#27;[34mbigint&amp#27;[0m,
        &amp#27;[34mprimary&amp#27;[0m &amp#27;[34mkey&amp#27;[0m (id)
    )
&amp#27;[35m[Hibernate]&amp#27;[0m 
    &amp#27;[34mcreate&amp#27;[0m &amp#27;[34mtable&amp#27;[0m payment_type (
        id &amp#27;[34mbigint&amp#27;[0m generated &amp#27;[34mby&amp#27;[0m &amp#27;[34mdefault&amp#27;[0m &amp#27;[34mas&amp#27;[0m &amp#27;[34midentity&amp#27;[0m,
        name &amp#27;[34mvarchar&amp#27;[0m(50),
        &amp#27;[34mprimary&amp#27;[0m &amp#27;[34mkey&amp#27;[0m (id)
    )
&amp#27;[35m[Hibernate]&amp#27;[0m 
    &amp#27;[34mcreate&amp#27;[0m &amp#27;[34mtable&amp#27;[0m point_record (
        id &amp#27;[34mbigint&amp#27;[0m generated &amp#27;[34mby&amp#27;[0m &amp#27;[34mdefault&amp#27;[0m &amp#27;[34mas&amp#27;[0m &amp#27;[34midentity&amp#27;[0m,
        content &amp#27;[34mvarchar&amp#27;[0m(100) &amp#27;[34mnot&amp#27;[0m &amp#27;[34mnull&amp#27;[0m,
        created_at &amp#27;[34mtimestamp&amp#27;[0m(6) &amp#27;[34mwith&amp#27;[0m &amp#27;[34mtime&amp#27;[0m zone &amp#27;[34mnot&amp#27;[0m &amp#27;[34mnull&amp#27;[0m,
        member_point &amp#27;[34mbigint&amp#27;[0m &amp#27;[34mnot&amp#27;[0m &amp#27;[34mnull&amp#27;[0m,
        remnant_point &amp#27;[34mbigint&amp#27;[0m &amp#27;[34mnot&amp#27;[0m &amp#27;[34mnull&amp#27;[0m,
        &amp#27;[32m"member_id"&amp#27;[0m &amp#27;[34mbigint&amp#27;[0m &amp#27;[34mnot&amp#27;[0m &amp#27;[34mnull&amp#27;[0m,
        &amp#27;[34mprimary&amp#27;[0m &amp#27;[34mkey&amp#27;[0m (id)
    )
&amp#27;[35m[Hibernate]&amp#27;[0m 
    &amp#27;[34mcreate&amp#27;[0m &amp#27;[34mtable&amp#27;[0m purchase (
        id &amp#27;[34mbigint&amp#27;[0m generated &amp#27;[34mby&amp#27;[0m &amp#27;[34mdefault&amp#27;[0m &amp#27;[34mas&amp#27;[0m &amp#27;[34midentity&amp#27;[0m,
        created_at &amp#27;[34mtimestamp&amp#27;[0m(6) &amp#27;[34mwith&amp#27;[0m &amp#27;[34mtime&amp#27;[0m zone &amp#27;[34mnot&amp#27;[0m &amp#27;[34mnull&amp#27;[0m,
        delivery_price &amp#27;[34minteger&amp#27;[0m &amp#27;[34mnot&amp#27;[0m &amp#27;[34mnull&amp#27;[0m,
        member_type tinyint &amp#27;[34mnot&amp#27;[0m &amp#27;[34mnull&amp#27;[0m &amp#27;[34mcheck&amp#27;[0m (member_type &amp#27;[34mbetween&amp#27;[0m 0 &amp#27;[34mand&amp#27;[0m 1),
        order_number uuid &amp#27;[34mnot&amp#27;[0m &amp#27;[34mnull&amp#27;[0m,
        password &amp#27;[34mvarchar&amp#27;[0m(255),
        road &amp#27;[34mvarchar&amp#27;[0m(255) &amp#27;[34mnot&amp#27;[0m &amp#27;[34mnull&amp#27;[0m,
        status tinyint &amp#27;[34mnot&amp#27;[0m &amp#27;[34mnull&amp#27;[0m &amp#27;[34mcheck&amp#27;[0m (status &amp#27;[34mbetween&amp#27;[0m 0 &amp#27;[34mand&amp#27;[0m 1),
        total_price &amp#27;[34minteger&amp#27;[0m &amp#27;[34mnot&amp#27;[0m &amp#27;[34mnull&amp#27;[0m,
        &amp#27;[32m"member_id"&amp#27;[0m &amp#27;[34mbigint&amp#27;[0m,
        point_record_id &amp#27;[34mbigint&amp#27;[0m,
        &amp#27;[34mprimary&amp#27;[0m &amp#27;[34mkey&amp#27;[0m (id)
    )
&amp#27;[35m[Hibernate]&amp#27;[0m 
    &amp#27;[34mcreate&amp#27;[0m &amp#27;[34mtable&amp#27;[0m purchase_book (
        id &amp#27;[34mbigint&amp#27;[0m generated &amp#27;[34mby&amp#27;[0m &amp#27;[34mdefault&amp#27;[0m &amp#27;[34mas&amp#27;[0m &amp#27;[34midentity&amp#27;[0m,
        price &amp#27;[34minteger&amp#27;[0m &amp#27;[34mnot&amp#27;[0m &amp#27;[34mnull&amp#27;[0m &amp#27;[34mcheck&amp#27;[0m (price>=0),
        quantity &amp#27;[34minteger&amp#27;[0m &amp#27;[34mnot&amp#27;[0m &amp#27;[34mnull&amp#27;[0m &amp#27;[34mcheck&amp#27;[0m (quantity>=0),
        book_id &amp#27;[34mbigint&amp#27;[0m,
        purchase_id &amp#27;[34mbigint&amp#27;[0m,
        &amp#27;[34mprimary&amp#27;[0m &amp#27;[34mkey&amp#27;[0m (id)
    )
&amp#27;[35m[Hibernate]&amp#27;[0m 
    &amp#27;[34mcreate&amp#27;[0m &amp#27;[34mtable&amp#27;[0m purchase_coupon (
        id &amp#27;[34mbigint&amp#27;[0m generated &amp#27;[34mby&amp#27;[0m &amp#27;[34mdefault&amp#27;[0m &amp#27;[34mas&amp#27;[0m &amp#27;[34midentity&amp#27;[0m,
        discount_price &amp#27;[34minteger&amp#27;[0m &amp#27;[34mnot&amp#27;[0m &amp#27;[34mnull&amp#27;[0m,
        coupon_id &amp#27;[34mbigint&amp#27;[0m,
        purchase_id &amp#27;[34mbigint&amp#27;[0m,
        &amp#27;[34mprimary&amp#27;[0m &amp#27;[34mkey&amp#27;[0m (id)
    )
&amp#27;[35m[Hibernate]&amp#27;[0m 
    &amp#27;[34mcreate&amp#27;[0m &amp#27;[34mtable&amp#27;[0m refund (
        id &amp#27;[34mbigint&amp#27;[0m generated &amp#27;[34mby&amp#27;[0m &amp#27;[34mdefault&amp#27;[0m &amp#27;[34mas&amp#27;[0m &amp#27;[34midentity&amp#27;[0m,
        price &amp#27;[34minteger&amp#27;[0m &amp#27;[34mnot&amp#27;[0m &amp#27;[34mnull&amp#27;[0m,
        refund_content &amp#27;[34mvarchar&amp#27;[0m(255),
        refund_status tinyint &amp#27;[34mcheck&amp#27;[0m (refund_status &amp#27;[34mbetween&amp#27;[0m 0 &amp#27;[34mand&amp#27;[0m 2),
        purchase_id &amp#27;[34mbigint&amp#27;[0m,
        &amp#27;[34mprimary&amp#27;[0m &amp#27;[34mkey&amp#27;[0m (id)
    )
&amp#27;[35m[Hibernate]&amp#27;[0m 
    &amp#27;[34mcreate&amp#27;[0m &amp#27;[34mtable&amp#27;[0m review (
        id &amp#27;[34mbigint&amp#27;[0m generated &amp#27;[34mby&amp#27;[0m &amp#27;[34mdefault&amp#27;[0m &amp#27;[34mas&amp#27;[0m &amp#27;[34midentity&amp#27;[0m,
        content &amp#27;[34mvarchar&amp#27;[0m(200) &amp#27;[34mnot&amp#27;[0m &amp#27;[34mnull&amp#27;[0m,
        created_at &amp#27;[34mtimestamp&amp#27;[0m(6) &amp#27;[34mwith&amp#27;[0m &amp#27;[34mtime&amp#27;[0m zone &amp#27;[34mnot&amp#27;[0m &amp#27;[34mnull&amp#27;[0m,
        deleted_at &amp#27;[34mtimestamp&amp#27;[0m(6) &amp#27;[34mwith&amp#27;[0m &amp#27;[34mtime&amp#27;[0m zone,
        deleted_reason &amp#27;[34mvarchar&amp#27;[0m(100),
        rating &amp#27;[34mfloat&amp#27;[0m(53) &amp#27;[34mnot&amp#27;[0m &amp#27;[34mnull&amp#27;[0m,
        review_status tinyint &amp#27;[34mcheck&amp#27;[0m (review_status &amp#27;[34mbetween&amp#27;[0m 0 &amp#27;[34mand&amp#27;[0m 1),
        title &amp#27;[34mvarchar&amp#27;[0m(50) &amp#27;[34mnot&amp#27;[0m &amp#27;[34mnull&amp#27;[0m,
        updated_at &amp#27;[34mtimestamp&amp#27;[0m(6) &amp#27;[34mwith&amp#27;[0m &amp#27;[34mtime&amp#27;[0m zone,
        purchase_book_id &amp#27;[34mbigint&amp#27;[0m,
        &amp#27;[34mprimary&amp#27;[0m &amp#27;[34mkey&amp#27;[0m (id)
    )
&amp#27;[35m[Hibernate]&amp#27;[0m 
    &amp#27;[34mcreate&amp#27;[0m &amp#27;[34mtable&amp#27;[0m review_image (
        id &amp#27;[34mbigint&amp#27;[0m generated &amp#27;[34mby&amp#27;[0m &amp#27;[34mdefault&amp#27;[0m &amp#27;[34mas&amp#27;[0m &amp#27;[34midentity&amp#27;[0m,
        url &amp#27;[34mvarchar&amp#27;[0m(50) &amp#27;[34mnot&amp#27;[0m &amp#27;[34mnull&amp#27;[0m,
        review_id &amp#27;[34mbigint&amp#27;[0m &amp#27;[34mnot&amp#27;[0m &amp#27;[34mnull&amp#27;[0m,
        &amp#27;[34mprimary&amp#27;[0m &amp#27;[34mkey&amp#27;[0m (id)
    )
&amp#27;[35m[Hibernate]&amp#27;[0m 
    &amp#27;[34mcreate&amp#27;[0m &amp#27;[34mtable&amp#27;[0m review_like (
        id &amp#27;[34mbigint&amp#27;[0m generated &amp#27;[34mby&amp#27;[0m &amp#27;[34mdefault&amp#27;[0m &amp#27;[34mas&amp#27;[0m &amp#27;[34midentity&amp#27;[0m,
        created_at &amp#27;[34mtimestamp&amp#27;[0m(6) &amp#27;[34mwith&amp#27;[0m &amp#27;[34mtime&amp#27;[0m zone &amp#27;[34mnot&amp#27;[0m &amp#27;[34mnull&amp#27;[0m,
        &amp#27;[32m"member_id"&amp#27;[0m &amp#27;[34mbigint&amp#27;[0m,
        review_id &amp#27;[34mbigint&amp#27;[0m,
        &amp#27;[34mprimary&amp#27;[0m &amp#27;[34mkey&amp#27;[0m (id)
    )
&amp#27;[35m[Hibernate]&amp#27;[0m 
    &amp#27;[34mcreate&amp#27;[0m &amp#27;[34mtable&amp#27;[0m simple_review (
        content &amp#27;[34mvarchar&amp#27;[0m(100) &amp#27;[34mnot&amp#27;[0m &amp#27;[34mnull&amp#27;[0m,
        created_at &amp#27;[34mtimestamp&amp#27;[0m(6) &amp#27;[34mwith&amp#27;[0m &amp#27;[34mtime&amp#27;[0m zone &amp#27;[34mnot&amp#27;[0m &amp#27;[34mnull&amp#27;[0m,
        updated_at &amp#27;[34mtimestamp&amp#27;[0m(6) &amp#27;[34mwith&amp#27;[0m &amp#27;[34mtime&amp#27;[0m zone,
        purchase_book_id &amp#27;[34mbigint&amp#27;[0m &amp#27;[34mnot&amp#27;[0m &amp#27;[34mnull&amp#27;[0m,
        &amp#27;[34mprimary&amp#27;[0m &amp#27;[34mkey&amp#27;[0m (purchase_book_id)
    )
&amp#27;[35m[Hibernate]&amp#27;[0m 
    &amp#27;[34mcreate&amp#27;[0m &amp#27;[34mtable&amp#27;[0m tag (
        id &amp#27;[34mbigint&amp#27;[0m generated &amp#27;[34mby&amp#27;[0m &amp#27;[34mdefault&amp#27;[0m &amp#27;[34mas&amp#27;[0m &amp#27;[34midentity&amp#27;[0m,
        name &amp#27;[34mvarchar&amp#27;[0m(100) &amp#27;[34mnot&amp#27;[0m &amp#27;[34mnull&amp#27;[0m,
        &amp#27;[34mprimary&amp#27;[0m &amp#27;[34mkey&amp#27;[0m (id)
    )
&amp#27;[35m[Hibernate]&amp#27;[0m 
    &amp#27;[34malter&amp#27;[0m &amp#27;[34mtable&amp#27;[0m &amp#27;[34mif&amp#27;[0m &amp#27;[34mexists&amp#27;[0m &amp#27;[32m"member"&amp#27;[0m 
       &amp#27;[34mdrop&amp#27;[0m &amp#27;[34mconstraint&amp#27;[0m &amp#27;[34mif&amp#27;[0m &amp#27;[34mexists&amp#27;[0m UKf3lohhi7q81maknvxh9pqdg79
&amp#27;[35m[Hibernate]&amp#27;[0m 
    &amp#27;[34malter&amp#27;[0m &amp#27;[34mtable&amp#27;[0m &amp#27;[34mif&amp#27;[0m &amp#27;[34mexists&amp#27;[0m &amp#27;[32m"member"&amp#27;[0m 
       &amp#27;[34madd&amp#27;[0m &amp#27;[34mconstraint&amp#27;[0m UKf3lohhi7q81maknvxh9pqdg79 &amp#27;[34munique&amp#27;[0m (email)
&amp#27;[35m[Hibernate]&amp#27;[0m 
    &amp#27;[34malter&amp#27;[0m &amp#27;[34mtable&amp#27;[0m &amp#27;[34mif&amp#27;[0m &amp#27;[34mexists&amp#27;[0m book_image 
       &amp#27;[34mdrop&amp#27;[0m &amp#27;[34mconstraint&amp#27;[0m &amp#27;[34mif&amp#27;[0m &amp#27;[34mexists&amp#27;[0m UKrkpoh2q56k70tgcb8c2by0g37
&amp#27;[35m[Hibernate]&amp#27;[0m 
    &amp#27;[34malter&amp#27;[0m &amp#27;[34mtable&amp#27;[0m &amp#27;[34mif&amp#27;[0m &amp#27;[34mexists&amp#27;[0m book_image 
       &amp#27;[34madd&amp#27;[0m &amp#27;[34mconstraint&amp#27;[0m UKrkpoh2q56k70tgcb8c2by0g37 &amp#27;[34munique&amp#27;[0m (url)
&amp#27;[35m[Hibernate]&amp#27;[0m 
    &amp#27;[34malter&amp#27;[0m &amp#27;[34mtable&amp#27;[0m &amp#27;[34mif&amp#27;[0m &amp#27;[34mexists&amp#27;[0m cart 
       &amp#27;[34mdrop&amp#27;[0m &amp#27;[34mconstraint&amp#27;[0m &amp#27;[34mif&amp#27;[0m &amp#27;[34mexists&amp#27;[0m UKhmqs4c1tpws83yv8vfu3b0jss
&amp#27;[35m[Hibernate]&amp#27;[0m 
    &amp#27;[34malter&amp#27;[0m &amp#27;[34mtable&amp#27;[0m &amp#27;[34mif&amp#27;[0m &amp#27;[34mexists&amp#27;[0m cart 
       &amp#27;[34madd&amp#27;[0m &amp#27;[34mconstraint&amp#27;[0m UKhmqs4c1tpws83yv8vfu3b0jss &amp#27;[34munique&amp#27;[0m (&amp#27;[32m"member_id"&amp#27;[0m)
&amp#27;[35m[Hibernate]&amp#27;[0m 
    &amp#27;[34malter&amp#27;[0m &amp#27;[34mtable&amp#27;[0m &amp#27;[34mif&amp#27;[0m &amp#27;[34mexists&amp#27;[0m comment 
       &amp#27;[34mdrop&amp#27;[0m &amp#27;[34mconstraint&amp#27;[0m &amp#27;[34mif&amp#27;[0m &amp#27;[34mexists&amp#27;[0m UKqv5v66dfyjbe4j13g62wij5kx
&amp#27;[35m[Hibernate]&amp#27;[0m 
    &amp#27;[34malter&amp#27;[0m &amp#27;[34mtable&amp#27;[0m &amp#27;[34mif&amp#27;[0m &amp#27;[34mexists&amp#27;[0m comment 
       &amp#27;[34madd&amp#27;[0m &amp#27;[34mconstraint&amp#27;[0m UKqv5v66dfyjbe4j13g62wij5kx &amp#27;[34munique&amp#27;[0m (&amp#27;[32m"member_id"&amp#27;[0m)
&amp#27;[35m[Hibernate]&amp#27;[0m 
    &amp#27;[34malter&amp#27;[0m &amp#27;[34mtable&amp#27;[0m &amp#27;[34mif&amp#27;[0m &amp#27;[34mexists&amp#27;[0m purchase 
       &amp#27;[34mdrop&amp#27;[0m &amp#27;[34mconstraint&amp#27;[0m &amp#27;[34mif&amp#27;[0m &amp#27;[34mexists&amp#27;[0m UK9yfe1qfmymvixk9undapnll08
&amp#27;[35m[Hibernate]&amp#27;[0m 
    &amp#27;[34malter&amp#27;[0m &amp#27;[34mtable&amp#27;[0m &amp#27;[34mif&amp#27;[0m &amp#27;[34mexists&amp#27;[0m purchase 
       &amp#27;[34madd&amp#27;[0m &amp#27;[34mconstraint&amp#27;[0m UK9yfe1qfmymvixk9undapnll08 &amp#27;[34munique&amp#27;[0m (order_number)
&amp#27;[35m[Hibernate]&amp#27;[0m 
    &amp#27;[34malter&amp#27;[0m &amp#27;[34mtable&amp#27;[0m &amp#27;[34mif&amp#27;[0m &amp#27;[34mexists&amp#27;[0m purchase 
       &amp#27;[34mdrop&amp#27;[0m &amp#27;[34mconstraint&amp#27;[0m &amp#27;[34mif&amp#27;[0m &amp#27;[34mexists&amp#27;[0m UK1w34ki8lo8aywns22fyl9g0ex
&amp#27;[35m[Hibernate]&amp#27;[0m 
    &amp#27;[34malter&amp#27;[0m &amp#27;[34mtable&amp#27;[0m &amp#27;[34mif&amp#27;[0m &amp#27;[34mexists&amp#27;[0m purchase 
       &amp#27;[34madd&amp#27;[0m &amp#27;[34mconstraint&amp#27;[0m UK1w34ki8lo8aywns22fyl9g0ex &amp#27;[34munique&amp#27;[0m (point_record_id)
&amp#27;[35m[Hibernate]&amp#27;[0m 
    &amp#27;[34malter&amp#27;[0m &amp#27;[34mtable&amp#27;[0m &amp#27;[34mif&amp#27;[0m &amp#27;[34mexists&amp#27;[0m purchase_book 
       &amp#27;[34mdrop&amp#27;[0m &amp#27;[34mconstraint&amp#27;[0m &amp#27;[34mif&amp#27;[0m &amp#27;[34mexists&amp#27;[0m UKq73u59c3kue49qmd7qfaqrggv
&amp#27;[35m[Hibernate]&amp#27;[0m 
    &amp#27;[34malter&amp#27;[0m &amp#27;[34mtable&amp#27;[0m &amp#27;[34mif&amp#27;[0m &amp#27;[34mexists&amp#27;[0m purchase_book 
       &amp#27;[34madd&amp#27;[0m &amp#27;[34mconstraint&amp#27;[0m UKq73u59c3kue49qmd7qfaqrggv &amp#27;[34munique&amp#27;[0m (book_id)
&amp#27;[35m[Hibernate]&amp#27;[0m 
    &amp#27;[34malter&amp#27;[0m &amp#27;[34mtable&amp#27;[0m &amp#27;[34mif&amp#27;[0m &amp#27;[34mexists&amp#27;[0m review 
       &amp#27;[34mdrop&amp#27;[0m &amp#27;[34mconstraint&amp#27;[0m &amp#27;[34mif&amp#27;[0m &amp#27;[34mexists&amp#27;[0m UK88tdjkfb4s2en3wgucmetsbk2
&amp#27;[35m[Hibernate]&amp#27;[0m 
    &amp#27;[34malter&amp#27;[0m &amp#27;[34mtable&amp#27;[0m &amp#27;[34mif&amp#27;[0m &amp#27;[34mexists&amp#27;[0m review 
       &amp#27;[34madd&amp#27;[0m &amp#27;[34mconstraint&amp#27;[0m UK88tdjkfb4s2en3wgucmetsbk2 &amp#27;[34munique&amp#27;[0m (purchase_book_id)
&amp#27;[35m[Hibernate]&amp#27;[0m 
    &amp#27;[34malter&amp#27;[0m &amp#27;[34mtable&amp#27;[0m &amp#27;[34mif&amp#27;[0m &amp#27;[34mexists&amp#27;[0m review_image 
       &amp#27;[34mdrop&amp#27;[0m &amp#27;[34mconstraint&amp#27;[0m &amp#27;[34mif&amp#27;[0m &amp#27;[34mexists&amp#27;[0m UKcqjchusv51i0of5p6noe5p17r
&amp#27;[35m[Hibernate]&amp#27;[0m 
    &amp#27;[34malter&amp#27;[0m &amp#27;[34mtable&amp#27;[0m &amp#27;[34mif&amp#27;[0m &amp#27;[34mexists&amp#27;[0m review_image 
       &amp#27;[34madd&amp#27;[0m &amp#27;[34mconstraint&amp#27;[0m UKcqjchusv51i0of5p6noe5p17r &amp#27;[34munique&amp#27;[0m (url)
&amp#27;[35m[Hibernate]&amp#27;[0m 
    &amp#27;[34malter&amp#27;[0m &amp#27;[34mtable&amp#27;[0m &amp#27;[34mif&amp#27;[0m &amp#27;[34mexists&amp#27;[0m tag 
       &amp#27;[34mdrop&amp#27;[0m &amp#27;[34mconstraint&amp#27;[0m &amp#27;[34mif&amp#27;[0m &amp#27;[34mexists&amp#27;[0m UK1wdpsed5kna2y38hnbgrnhi5b
&amp#27;[35m[Hibernate]&amp#27;[0m 
    &amp#27;[34malter&amp#27;[0m &amp#27;[34mtable&amp#27;[0m &amp#27;[34mif&amp#27;[0m &amp#27;[34mexists&amp#27;[0m tag 
       &amp#27;[34madd&amp#27;[0m &amp#27;[34mconstraint&amp#27;[0m UK1wdpsed5kna2y38hnbgrnhi5b &amp#27;[34munique&amp#27;[0m (name)
&amp#27;[35m[Hibernate]&amp#27;[0m 
    &amp#27;[34malter&amp#27;[0m &amp#27;[34mtable&amp#27;[0m &amp#27;[34mif&amp#27;[0m &amp#27;[34mexists&amp#27;[0m address 
       &amp#27;[34madd&amp#27;[0m &amp#27;[34mconstraint&amp#27;[0m FK18hjim751x5dwn8e0bigqqnl4 
       &amp#27;[34mforeign&amp#27;[0m &amp#27;[34mkey&amp#27;[0m (&amp#27;[32m"member_id"&amp#27;[0m) 
       &amp#27;[34mreferences&amp#27;[0m &amp#27;[32m"member"&amp#27;[0m
&amp#27;[35m[Hibernate]&amp#27;[0m 
    &amp#27;[34malter&amp#27;[0m &amp#27;[34mtable&amp#27;[0m &amp#27;[34mif&amp#27;[0m &amp#27;[34mexists&amp#27;[0m book_cart 
       &amp#27;[34madd&amp#27;[0m &amp#27;[34mconstraint&amp#27;[0m FKtmfgsp2mapbb50qerjo1ngm97 
       &amp#27;[34mforeign&amp#27;[0m &amp#27;[34mkey&amp#27;[0m (book_id) 
       &amp#27;[34mreferences&amp#27;[0m book
&amp#27;[35m[Hibernate]&amp#27;[0m 
    &amp#27;[34malter&amp#27;[0m &amp#27;[34mtable&amp#27;[0m &amp#27;[34mif&amp#27;[0m &amp#27;[34mexists&amp#27;[0m book_cart 
       &amp#27;[34madd&amp#27;[0m &amp#27;[34mconstraint&amp#27;[0m FKjirkaf305sr0bus6d1vow11jd 
       &amp#27;[34mforeign&amp#27;[0m &amp#27;[34mkey&amp#27;[0m (cart_id) 
       &amp#27;[34mreferences&amp#27;[0m cart
&amp#27;[35m[Hibernate]&amp#27;[0m 
    &amp#27;[34malter&amp#27;[0m &amp#27;[34mtable&amp#27;[0m &amp#27;[34mif&amp#27;[0m &amp#27;[34mexists&amp#27;[0m book_category 
       &amp#27;[34madd&amp#27;[0m &amp#27;[34mconstraint&amp#27;[0m FKnyegcbpvce2mnmg26h0i856fd 
       &amp#27;[34mforeign&amp#27;[0m &amp#27;[34mkey&amp#27;[0m (book_id) 
       &amp#27;[34mreferences&amp#27;[0m book
&amp#27;[35m[Hibernate]&amp#27;[0m 
    &amp#27;[34malter&amp#27;[0m &amp#27;[34mtable&amp#27;[0m &amp#27;[34mif&amp#27;[0m &amp#27;[34mexists&amp#27;[0m book_category 
       &amp#27;[34madd&amp#27;[0m &amp#27;[34mconstraint&amp#27;[0m FKam8llderp40mvbbwceqpu6l2s 
       &amp#27;[34mforeign&amp#27;[0m &amp#27;[34mkey&amp#27;[0m (category_id) 
       &amp#27;[34mreferences&amp#27;[0m category
&amp#27;[35m[Hibernate]&amp#27;[0m 
    &amp#27;[34malter&amp#27;[0m &amp#27;[34mtable&amp#27;[0m &amp#27;[34mif&amp#27;[0m &amp#27;[34mexists&amp#27;[0m book_image 
       &amp#27;[34madd&amp#27;[0m &amp#27;[34mconstraint&amp#27;[0m FKh020sno0rk91annvrd960urno 
       &amp#27;[34mforeign&amp#27;[0m &amp#27;[34mkey&amp#27;[0m (book_id) 
       &amp#27;[34mreferences&amp#27;[0m book
&amp#27;[35m[Hibernate]&amp#27;[0m 
    &amp#27;[34malter&amp#27;[0m &amp#27;[34mtable&amp#27;[0m &amp#27;[34mif&amp#27;[0m &amp#27;[34mexists&amp#27;[0m book_like 
       &amp#27;[34madd&amp#27;[0m &amp#27;[34mconstraint&amp#27;[0m FK7i3otcp1nj1ou9gdr7nv1lv0e 
       &amp#27;[34mforeign&amp#27;[0m &amp#27;[34mkey&amp#27;[0m (book_id) 
       &amp#27;[34mreferences&amp#27;[0m book
&amp#27;[35m[Hibernate]&amp#27;[0m 
    &amp#27;[34malter&amp#27;[0m &amp#27;[34mtable&amp#27;[0m &amp#27;[34mif&amp#27;[0m &amp#27;[34mexists&amp#27;[0m book_like 
       &amp#27;[34madd&amp#27;[0m &amp#27;[34mconstraint&amp#27;[0m FKdqcaynqboiolulai2vqvuca0o 
       &amp#27;[34mforeign&amp#27;[0m &amp#27;[34mkey&amp#27;[0m (&amp#27;[32m"member_id"&amp#27;[0m) 
       &amp#27;[34mreferences&amp#27;[0m &amp#27;[32m"member"&amp#27;[0m
&amp#27;[35m[Hibernate]&amp#27;[0m 
    &amp#27;[34malter&amp#27;[0m &amp#27;[34mtable&amp#27;[0m &amp#27;[34mif&amp#27;[0m &amp#27;[34mexists&amp#27;[0m book_tag 
       &amp#27;[34madd&amp#27;[0m &amp#27;[34mconstraint&amp#27;[0m FKdrc33u5ufw8rdvajeveowgx7g 
       &amp#27;[34mforeign&amp#27;[0m &amp#27;[34mkey&amp#27;[0m (book_id) 
       &amp#27;[34mreferences&amp#27;[0m book
&amp#27;[35m[Hibernate]&amp#27;[0m 
    &amp#27;[34malter&amp#27;[0m &amp#27;[34mtable&amp#27;[0m &amp#27;[34mif&amp#27;[0m &amp#27;[34mexists&amp#27;[0m book_tag 
       &amp#27;[34madd&amp#27;[0m &amp#27;[34mconstraint&amp#27;[0m FKrxw4xl05l6ns1763bq284e7m2 
       &amp#27;[34mforeign&amp#27;[0m &amp#27;[34mkey&amp#27;[0m (tag_id) 
       &amp#27;[34mreferences&amp#27;[0m tag
&amp#27;[35m[Hibernate]&amp#27;[0m 
    &amp#27;[34malter&amp#27;[0m &amp#27;[34mtable&amp#27;[0m &amp#27;[34mif&amp#27;[0m &amp#27;[34mexists&amp#27;[0m cart 
       &amp#27;[34madd&amp#27;[0m &amp#27;[34mconstraint&amp#27;[0m FK671ovmbt6x35r4m6qvckals1o 
       &amp#27;[34mforeign&amp#27;[0m &amp#27;[34mkey&amp#27;[0m (&amp#27;[32m"member_id"&amp#27;[0m) 
       &amp#27;[34mreferences&amp#27;[0m &amp#27;[32m"member"&amp#27;[0m
&amp#27;[35m[Hibernate]&amp#27;[0m 
    &amp#27;[34malter&amp#27;[0m &amp#27;[34mtable&amp#27;[0m &amp#27;[34mif&amp#27;[0m &amp#27;[34mexists&amp#27;[0m category 
       &amp#27;[34madd&amp#27;[0m &amp#27;[34mconstraint&amp#27;[0m FK2y94svpmqttx80mshyny85wqr 
       &amp#27;[34mforeign&amp#27;[0m &amp#27;[34mkey&amp#27;[0m (parent_id) 
       &amp#27;[34mreferences&amp#27;[0m category
&amp#27;[35m[Hibernate]&amp#27;[0m 
    &amp#27;[34malter&amp#27;[0m &amp#27;[34mtable&amp#27;[0m &amp#27;[34mif&amp#27;[0m &amp#27;[34mexists&amp#27;[0m comment 
       &amp#27;[34madd&amp#27;[0m &amp#27;[34mconstraint&amp#27;[0m FKbh691uhnn9i2ed5t2wx2kf5mc 
       &amp#27;[34mforeign&amp#27;[0m &amp#27;[34mkey&amp#27;[0m (&amp#27;[32m"member_id"&amp#27;[0m) 
       &amp#27;[34mreferences&amp#27;[0m &amp#27;[32m"member"&amp#27;[0m
&amp#27;[35m[Hibernate]&amp#27;[0m 
    &amp#27;[34malter&amp#27;[0m &amp#27;[34mtable&amp#27;[0m &amp#27;[34mif&amp#27;[0m &amp#27;[34mexists&amp#27;[0m comment 
       &amp#27;[34madd&amp#27;[0m &amp#27;[34mconstraint&amp#27;[0m FKnf4ni761w29tmtgdxymmgvg8r 
       &amp#27;[34mforeign&amp#27;[0m &amp#27;[34mkey&amp#27;[0m (review_id) 
       &amp#27;[34mreferences&amp#27;[0m review
&amp#27;[35m[Hibernate]&amp#27;[0m 
    &amp#27;[34malter&amp#27;[0m &amp#27;[34mtable&amp#27;[0m &amp#27;[34mif&amp#27;[0m &amp#27;[34mexists&amp#27;[0m coupon 
       &amp#27;[34madd&amp#27;[0m &amp#27;[34mconstraint&amp#27;[0m FK2lepa3745kcmfop0ovxr0oaff 
       &amp#27;[34mforeign&amp#27;[0m &amp#27;[34mkey&amp#27;[0m (&amp#27;[32m"member_id"&amp#27;[0m) 
       &amp#27;[34mreferences&amp#27;[0m &amp#27;[32m"member"&amp#27;[0m
&amp#27;[35m[Hibernate]&amp#27;[0m 
    &amp#27;[34malter&amp#27;[0m &amp#27;[34mtable&amp#27;[0m &amp#27;[34mif&amp#27;[0m &amp#27;[34mexists&amp#27;[0m member_auth 
       &amp#27;[34madd&amp#27;[0m &amp#27;[34mconstraint&amp#27;[0m FK66uc2xroefrsdkd5xihg5oyjf 
       &amp#27;[34mforeign&amp#27;[0m &amp#27;[34mkey&amp#27;[0m (auth_id) 
       &amp#27;[34mreferences&amp#27;[0m auth
&amp#27;[35m[Hibernate]&amp#27;[0m 
    &amp#27;[34malter&amp#27;[0m &amp#27;[34mtable&amp#27;[0m &amp#27;[34mif&amp#27;[0m &amp#27;[34mexists&amp#27;[0m member_auth 
       &amp#27;[34madd&amp#27;[0m &amp#27;[34mconstraint&amp#27;[0m FK9kli4rw46o4ldq44npvntpiba 
       &amp#27;[34mforeign&amp#27;[0m &amp#27;[34mkey&amp#27;[0m (&amp#27;[32m"member_id"&amp#27;[0m) 
       &amp#27;[34mreferences&amp#27;[0m &amp#27;[32m"member"&amp#27;[0m
&amp#27;[35m[Hibernate]&amp#27;[0m 
    &amp#27;[34malter&amp#27;[0m &amp#27;[34mtable&amp#27;[0m &amp#27;[34mif&amp#27;[0m &amp#27;[34mexists&amp#27;[0m payment 
       &amp#27;[34madd&amp#27;[0m &amp#27;[34mconstraint&amp#27;[0m FKkvolsaw3e4jg4ra05vu135cj9 
       &amp#27;[34mforeign&amp#27;[0m &amp#27;[34mkey&amp#27;[0m (payment_type_id) 
       &amp#27;[34mreferences&amp#27;[0m payment_type
&amp#27;[35m[Hibernate]&amp#27;[0m 
    &amp#27;[34malter&amp#27;[0m &amp#27;[34mtable&amp#27;[0m &amp#27;[34mif&amp#27;[0m &amp#27;[34mexists&amp#27;[0m payment 
       &amp#27;[34madd&amp#27;[0m &amp#27;[34mconstraint&amp#27;[0m FKmm2h9p8cpu4741lwxyn2fnpgg 
       &amp#27;[34mforeign&amp#27;[0m &amp#27;[34mkey&amp#27;[0m (purchase_id) 
       &amp#27;[34mreferences&amp#27;[0m purchase
&amp#27;[35m[Hibernate]&amp#27;[0m 
    &amp#27;[34malter&amp#27;[0m &amp#27;[34mtable&amp#27;[0m &amp#27;[34mif&amp#27;[0m &amp#27;[34mexists&amp#27;[0m point_record 
       &amp#27;[34madd&amp#27;[0m &amp#27;[34mconstraint&amp#27;[0m FK82vjwl0s5h4dic94xn18il1po 
       &amp#27;[34mforeign&amp#27;[0m &amp#27;[34mkey&amp#27;[0m (&amp#27;[32m"member_id"&amp#27;[0m) 
       &amp#27;[34mreferences&amp#27;[0m &amp#27;[32m"member"&amp#27;[0m
&amp#27;[35m[Hibernate]&amp#27;[0m 
    &amp#27;[34malter&amp#27;[0m &amp#27;[34mtable&amp#27;[0m &amp#27;[34mif&amp#27;[0m &amp#27;[34mexists&amp#27;[0m purchase 
       &amp#27;[34madd&amp#27;[0m &amp#27;[34mconstraint&amp#27;[0m FKpitnwujrvamcglkd1du2wybj2 
       &amp#27;[34mforeign&amp#27;[0m &amp#27;[34mkey&amp#27;[0m (&amp#27;[32m"member_id"&amp#27;[0m) 
       &amp#27;[34mreferences&amp#27;[0m &amp#27;[32m"member"&amp#27;[0m
&amp#27;[35m[Hibernate]&amp#27;[0m 
    &amp#27;[34malter&amp#27;[0m &amp#27;[34mtable&amp#27;[0m &amp#27;[34mif&amp#27;[0m &amp#27;[34mexists&amp#27;[0m purchase 
       &amp#27;[34madd&amp#27;[0m &amp#27;[34mconstraint&amp#27;[0m FKb3ad9pb5elsb07gsxb7k8h6nh 
       &amp#27;[34mforeign&amp#27;[0m &amp#27;[34mkey&amp#27;[0m (point_record_id) 
       &amp#27;[34mreferences&amp#27;[0m point_record
&amp#27;[35m[Hibernate]&amp#27;[0m 
    &amp#27;[34malter&amp#27;[0m &amp#27;[34mtable&amp#27;[0m &amp#27;[34mif&amp#27;[0m &amp#27;[34mexists&amp#27;[0m purchase_book 
       &amp#27;[34madd&amp#27;[0m &amp#27;[34mconstraint&amp#27;[0m FKdhpunimwngwnxolqft1svdwph 
       &amp#27;[34mforeign&amp#27;[0m &amp#27;[34mkey&amp#27;[0m (book_id) 
       &amp#27;[34mreferences&amp#27;[0m book
&amp#27;[35m[Hibernate]&amp#27;[0m 
    &amp#27;[34malter&amp#27;[0m &amp#27;[34mtable&amp#27;[0m &amp#27;[34mif&amp#27;[0m &amp#27;[34mexists&amp#27;[0m purchase_book 
       &amp#27;[34madd&amp#27;[0m &amp#27;[34mconstraint&amp#27;[0m FKqreoqdobvpr39lkxlyv7n66st 
       &amp#27;[34mforeign&amp#27;[0m &amp#27;[34mkey&amp#27;[0m (purchase_id) 
       &amp#27;[34mreferences&amp#27;[0m purchase
&amp#27;[35m[Hibernate]&amp#27;[0m 
    &amp#27;[34malter&amp#27;[0m &amp#27;[34mtable&amp#27;[0m &amp#27;[34mif&amp#27;[0m &amp#27;[34mexists&amp#27;[0m purchase_coupon 
       &amp#27;[34madd&amp#27;[0m &amp#27;[34mconstraint&amp#27;[0m FK9o3wf5e5gvu87f62vapfma8by 
       &amp#27;[34mforeign&amp#27;[0m &amp#27;[34mkey&amp#27;[0m (coupon_id) 
       &amp#27;[34mreferences&amp#27;[0m coupon
&amp#27;[35m[Hibernate]&amp#27;[0m 
    &amp#27;[34malter&amp#27;[0m &amp#27;[34mtable&amp#27;[0m &amp#27;[34mif&amp#27;[0m &amp#27;[34mexists&amp#27;[0m purchase_coupon 
       &amp#27;[34madd&amp#27;[0m &amp#27;[34mconstraint&amp#27;[0m FKajhlo2cni1x4bjiisqi4i3620 
       &amp#27;[34mforeign&amp#27;[0m &amp#27;[34mkey&amp#27;[0m (purchase_id) 
       &amp#27;[34mreferences&amp#27;[0m purchase
&amp#27;[35m[Hibernate]&amp#27;[0m 
    &amp#27;[34malter&amp#27;[0m &amp#27;[34mtable&amp#27;[0m &amp#27;[34mif&amp#27;[0m &amp#27;[34mexists&amp#27;[0m refund 
       &amp#27;[34madd&amp#27;[0m &amp#27;[34mconstraint&amp#27;[0m FKn6hygqb7v8me2nthibetqp245 
       &amp#27;[34mforeign&amp#27;[0m &amp#27;[34mkey&amp#27;[0m (purchase_id) 
       &amp#27;[34mreferences&amp#27;[0m purchase
&amp#27;[35m[Hibernate]&amp#27;[0m 
    &amp#27;[34malter&amp#27;[0m &amp#27;[34mtable&amp#27;[0m &amp#27;[34mif&amp#27;[0m &amp#27;[34mexists&amp#27;[0m review 
       &amp#27;[34madd&amp#27;[0m &amp#27;[34mconstraint&amp#27;[0m FKphmamk3jpdov2m1ncrwenu8e2 
       &amp#27;[34mforeign&amp#27;[0m &amp#27;[34mkey&amp#27;[0m (purchase_book_id) 
       &amp#27;[34mreferences&amp#27;[0m purchase_book
&amp#27;[35m[Hibernate]&amp#27;[0m 
    &amp#27;[34malter&amp#27;[0m &amp#27;[34mtable&amp#27;[0m &amp#27;[34mif&amp#27;[0m &amp#27;[34mexists&amp#27;[0m review_image 
       &amp#27;[34madd&amp#27;[0m &amp#27;[34mconstraint&amp#27;[0m FK16wp089tx9nm0obc217gvdd6l 
       &amp#27;[34mforeign&amp#27;[0m &amp#27;[34mkey&amp#27;[0m (review_id) 
       &amp#27;[34mreferences&amp#27;[0m review
&amp#27;[35m[Hibernate]&amp#27;[0m 
    &amp#27;[34malter&amp#27;[0m &amp#27;[34mtable&amp#27;[0m &amp#27;[34mif&amp#27;[0m &amp#27;[34mexists&amp#27;[0m review_like 
       &amp#27;[34madd&amp#27;[0m &amp#27;[34mconstraint&amp#27;[0m FK9wq142y6u567nvjpj3ea9jrfl 
       &amp#27;[34mforeign&amp#27;[0m &amp#27;[34mkey&amp#27;[0m (&amp#27;[32m"member_id"&amp#27;[0m) 
       &amp#27;[34mreferences&amp#27;[0m &amp#27;[32m"member"&amp#27;[0m
&amp#27;[35m[Hibernate]&amp#27;[0m 
    &amp#27;[34malter&amp#27;[0m &amp#27;[34mtable&amp#27;[0m &amp#27;[34mif&amp#27;[0m &amp#27;[34mexists&amp#27;[0m review_like 
       &amp#27;[34madd&amp#27;[0m &amp#27;[34mconstraint&amp#27;[0m FK68am9vk1s1e8n1v873meqkk0k 
       &amp#27;[34mforeign&amp#27;[0m &amp#27;[34mkey&amp#27;[0m (review_id) 
       &amp#27;[34mreferences&amp#27;[0m review
&amp#27;[35m[Hibernate]&amp#27;[0m 
    &amp#27;[34malter&amp#27;[0m &amp#27;[34mtable&amp#27;[0m &amp#27;[34mif&amp#27;[0m &amp#27;[34mexists&amp#27;[0m simple_review 
       &amp#27;[34madd&amp#27;[0m &amp#27;[34mconstraint&amp#27;[0m FKhn2ol6nvdpxi1u79qcl0anoia 
       &amp#27;[34mforeign&amp#27;[0m &amp#27;[34mkey&amp#27;[0m (purchase_book_id) 
       &amp#27;[34mreferences&amp#27;[0m purchase_book
2024-06-26T02:17:56.836+09:00  INFO 38852 --- [3runner-bookstore] [           main] j.LocalContainerEntityManagerFactoryBean : Initialized JPA EntityManagerFactory for persistence unit 'default'
2024-06-26T02:17:56.910+09:00  INFO 38852 --- [3runner-bookstore] [           main] c.n.b.b.b.r.BookTagRepositoryTest        : Started BookTagRepositoryTest in 0.374 seconds (process running for 5.089)
2024-06-26T02:17:56.913+09:00 TRACE 38852 --- [3runner-bookstore] [           main] o.s.t.i.TransactionInterceptor           : Getting transaction for [org.springframework.data.jpa.repository.support.SimpleJpaRepository.save]
&amp#27;[35m[Hibernate]&amp#27;[0m 
    /* &amp#27;[34minsert&amp#27;[0m &amp#27;[34mfor&amp#27;[0m
        com.nhnacademy.bookstore.entity.book.Book */&amp#27;[34minsert&amp#27;[0m 
    &amp#27;[34minto&amp#27;[0m
        book (author, created_at, description, isbn, packing, price, published_date, publisher, quantity, selling_price, title, view_count, id) 
    &amp#27;[34mvalues&amp#27;[0m
        (?, ?, ?, ?, ?, ?, ?, ?, ?, ?, ?, ?, &amp#27;[34mdefault&amp#27;[0m)
2024-06-26T02:17:56.915+09:00 TRACE 38852 --- [3runner-bookstore] [           main] org.hibernate.orm.jdbc.bind              : binding parameter (1:VARCHAR) <- [John Doe]
2024-06-26T02:17:56.915+09:00 TRACE 38852 --- [3runner-bookstore] [           main] org.hibernate.orm.jdbc.bind              : binding parameter (2:TIMESTAMP_WITH_TIMEZONE) <- [2024-06-26T02:17:56.914159+09:00[Asia/Seoul]]
2024-06-26T02:17:56.916+09:00 TRACE 38852 --- [3runner-bookstore] [           main] org.hibernate.orm.jdbc.bind              : binding parameter (3:CLOB) <- [Sample Description]
2024-06-26T02:17:56.916+09:00 TRACE 38852 --- [3runner-bookstore] [           main] org.hibernate.orm.jdbc.bind              : binding parameter (4:VARCHAR) <- [123456789]
2024-06-26T02:17:56.916+09:00 TRACE 38852 --- [3runner-bookstore] [           main] org.hibernate.orm.jdbc.bind              : binding parameter (5:BOOLEAN) <- [true]
2024-06-26T02:17:56.916+09:00 TRACE 38852 --- [3runner-bookstore] [           main] org.hibernate.orm.jdbc.bind              : binding parameter (6:INTEGER) <- [100]
2024-06-26T02:17:56.916+09:00 TRACE 38852 --- [3runner-bookstore] [           main] org.hibernate.orm.jdbc.bind              : binding parameter (7:TIMESTAMP_WITH_TIMEZONE) <- [null]
2024-06-26T02:17:56.916+09:00 TRACE 38852 --- [3runner-bookstore] [           main] org.hibernate.orm.jdbc.bind              : binding parameter (8:VARCHAR) <- [Sample Publisher]
2024-06-26T02:17:56.916+09:00 TRACE 38852 --- [3runner-bookstore] [           main] org.hibernate.orm.jdbc.bind              : binding parameter (9:INTEGER) <- [50]
2024-06-26T02:17:56.916+09:00 TRACE 38852 --- [3runner-bookstore] [           main] org.hibernate.orm.jdbc.bind              : binding parameter (10:INTEGER) <- [80]
2024-06-26T02:17:56.916+09:00 TRACE 38852 --- [3runner-bookstore] [           main] org.hibernate.orm.jdbc.bind              : binding parameter (11:VARCHAR) <- [Sample Book]
2024-06-26T02:17:56.916+09:00 TRACE 38852 --- [3runner-bookstore] [           main] org.hibernate.orm.jdbc.bind              : binding parameter (12:INTEGER) <- [500]
2024-06-26T02:17:56.917+09:00 TRACE 38852 --- [3runner-bookstore] [           main] o.s.t.i.TransactionInterceptor           : Completing transaction for [org.springframework.data.jpa.repository.support.SimpleJpaRepository.save]
2024-06-26T02:17:56.917+09:00 TRACE 38852 --- [3runner-bookstore] [           main] o.s.t.i.TransactionInterceptor           : Getting transaction for [org.springframework.data.jpa.repository.support.SimpleJpaRepository.save]
&amp#27;[35m[Hibernate]&amp#27;[0m 
    /* &amp#27;[34minsert&amp#27;[0m &amp#27;[34mfor&amp#27;[0m
        com.nhnacademy.bookstore.entity.tag.Tag */&amp#27;[34minsert&amp#27;[0m 
    &amp#27;[34minto&amp#27;[0m
        tag (name, id) 
    &amp#27;[34mvalues&amp#27;[0m
        (?, &amp#27;[34mdefault&amp#27;[0m)
2024-06-26T02:17:56.917+09:00 TRACE 38852 --- [3runner-bookstore] [           main] org.hibernate.orm.jdbc.bind              : binding parameter (1:VARCHAR) <- [Sample Tag]
2024-06-26T02:17:56.918+09:00 TRACE 38852 --- [3runner-bookstore] [           main] o.s.t.i.TransactionInterceptor           : Completing transaction for [org.springframework.data.jpa.repository.support.SimpleJpaRepository.save]
2024-06-26T02:17:56.918+09:00 TRACE 38852 --- [3runner-bookstore] [           main] o.s.t.i.TransactionInterceptor           : Getting transaction for [org.springframework.data.jpa.repository.support.SimpleJpaRepository.save]
&amp#27;[35m[Hibernate]&amp#27;[0m 
    /* &amp#27;[34minsert&amp#27;[0m &amp#27;[34mfor&amp#27;[0m
        com.nhnacademy.bookstore.entity.bookTag.BookTag */&amp#27;[34minsert&amp#27;[0m 
    &amp#27;[34minto&amp#27;[0m
        book_tag (book_id, tag_id, id) 
    &amp#27;[34mvalues&amp#27;[0m
        (?, ?, &amp#27;[34mdefault&amp#27;[0m)
2024-06-26T02:17:56.918+09:00 TRACE 38852 --- [3runner-bookstore] [           main] org.hibernate.orm.jdbc.bind              : binding parameter (1:BIGINT) <- [1]
2024-06-26T02:17:56.918+09:00 TRACE 38852 --- [3runner-bookstore] [           main] org.hibernate.orm.jdbc.bind              : binding parameter (2:BIGINT) <- [1]
2024-06-26T02:17:56.919+09:00 TRACE 38852 --- [3runner-bookstore] [           main] o.s.t.i.TransactionInterceptor           : Completing transaction for [org.springframework.data.jpa.repository.support.SimpleJpaRepository.save]
2024-06-26T02:17:56.919+09:00 TRACE 38852 --- [3runner-bookstore] [           main] o.s.t.i.TransactionInterceptor           : No need to create transaction for [org.springframework.data.jpa.repository.support.SimpleJpaRepository.findAllBookIdByTagId]: This method is not transactional.
&amp#27;[35m[Hibernate]&amp#27;[0m 
    /* &amp#27;[34mselect&amp#27;[0m
        bi.book 
    &amp#27;[34mfrom&amp#27;[0m
        BookTag bi 
    &amp#27;[34mwhere&amp#27;[0m
        bi.tag.id = :tagId */ &amp#27;[34mselect&amp#27;[0m
            b1_0.id,
            b1_0.author,
            b1_0.created_at,
            b1_0.description,
            b1_0.isbn,
            b1_0.packing,
            b1_0.price,
            b1_0.published_date,
            b1_0.publisher,
            b1_0.quantity,
            b1_0.selling_price,
            b1_0.title,
            b1_0.view_count 
        &amp#27;[34mfrom&amp#27;[0m
            book_tag bt1_0 
        &amp#27;[34mjoin&amp#27;[0m
            book b1_0 
                &amp#27;[34mon&amp#27;[0m b1_0.id=bt1_0.book_id 
        &amp#27;[34mwhere&amp#27;[0m
            bt1_0.tag_id=? 
        &amp#27;[34moffset&amp#27;[0m
            ? &amp#27;[34mrows&amp#27;[0m 
        &amp#27;[34mfetch&amp#27;[0m
            first ? &amp#27;[34mrows&amp#27;[0m &amp#27;[34monly&amp#27;[0m
2024-06-26T02:17:56.922+09:00 TRACE 38852 --- [3runner-bookstore] [           main] org.hibernate.orm.jdbc.bind              : binding parameter (1:BIGINT) <- [1]
2024-06-26T02:17:56.922+09:00 TRACE 38852 --- [3runner-bookstore] [           main] org.hibernate.orm.jdbc.bind              : binding parameter (2:INTEGER) <- [0]
2024-06-26T02:17:56.922+09:00 TRACE 38852 --- [3runner-bookstore] [           main] org.hibernate.orm.jdbc.bind              : binding parameter (3:INTEGER) <- [10]
]]></system-out>
  </testcase>
  <testcase name="testFindAllTagIdByBookId" classname="com.nhnacademy.bookstore.book.booktag.repository.BookTagRepositoryTest" time="0.006">
    <system-out><![CDATA[2024-06-26T02:17:56.930+09:00 TRACE 38852 --- [3runner-bookstore] [           main] o.s.t.i.TransactionInterceptor           : Getting transaction for [org.springframework.data.jpa.repository.support.SimpleJpaRepository.save]
&amp#27;[35m[Hibernate]&amp#27;[0m 
    /* &amp#27;[34minsert&amp#27;[0m &amp#27;[34mfor&amp#27;[0m
        com.nhnacademy.bookstore.entity.book.Book */&amp#27;[34minsert&amp#27;[0m 
    &amp#27;[34minto&amp#27;[0m
        book (author, created_at, description, isbn, packing, price, published_date, publisher, quantity, selling_price, title, view_count, id) 
    &amp#27;[34mvalues&amp#27;[0m
        (?, ?, ?, ?, ?, ?, ?, ?, ?, ?, ?, ?, &amp#27;[34mdefault&amp#27;[0m)
2024-06-26T02:17:56.930+09:00 TRACE 38852 --- [3runner-bookstore] [           main] org.hibernate.orm.jdbc.bind              : binding parameter (1:VARCHAR) <- [John Doe]
2024-06-26T02:17:56.930+09:00 TRACE 38852 --- [3runner-bookstore] [           main] org.hibernate.orm.jdbc.bind              : binding parameter (2:TIMESTAMP_WITH_TIMEZONE) <- [2024-06-26T02:17:56.930451+09:00[Asia/Seoul]]
2024-06-26T02:17:56.930+09:00 TRACE 38852 --- [3runner-bookstore] [           main] org.hibernate.orm.jdbc.bind              : binding parameter (3:CLOB) <- [Sample Description]
2024-06-26T02:17:56.931+09:00 TRACE 38852 --- [3runner-bookstore] [           main] org.hibernate.orm.jdbc.bind              : binding parameter (4:VARCHAR) <- [123456789]
2024-06-26T02:17:56.931+09:00 TRACE 38852 --- [3runner-bookstore] [           main] org.hibernate.orm.jdbc.bind              : binding parameter (5:BOOLEAN) <- [true]
2024-06-26T02:17:56.931+09:00 TRACE 38852 --- [3runner-bookstore] [           main] org.hibernate.orm.jdbc.bind              : binding parameter (6:INTEGER) <- [100]
2024-06-26T02:17:56.931+09:00 TRACE 38852 --- [3runner-bookstore] [           main] org.hibernate.orm.jdbc.bind              : binding parameter (7:TIMESTAMP_WITH_TIMEZONE) <- [null]
2024-06-26T02:17:56.931+09:00 TRACE 38852 --- [3runner-bookstore] [           main] org.hibernate.orm.jdbc.bind              : binding parameter (8:VARCHAR) <- [Sample Publisher]
2024-06-26T02:17:56.931+09:00 TRACE 38852 --- [3runner-bookstore] [           main] org.hibernate.orm.jdbc.bind              : binding parameter (9:INTEGER) <- [50]
2024-06-26T02:17:56.931+09:00 TRACE 38852 --- [3runner-bookstore] [           main] org.hibernate.orm.jdbc.bind              : binding parameter (10:INTEGER) <- [80]
2024-06-26T02:17:56.931+09:00 TRACE 38852 --- [3runner-bookstore] [           main] org.hibernate.orm.jdbc.bind              : binding parameter (11:VARCHAR) <- [Sample Book]
2024-06-26T02:17:56.931+09:00 TRACE 38852 --- [3runner-bookstore] [           main] org.hibernate.orm.jdbc.bind              : binding parameter (12:INTEGER) <- [500]
2024-06-26T02:17:56.931+09:00 TRACE 38852 --- [3runner-bookstore] [           main] o.s.t.i.TransactionInterceptor           : Completing transaction for [org.springframework.data.jpa.repository.support.SimpleJpaRepository.save]
2024-06-26T02:17:56.931+09:00 TRACE 38852 --- [3runner-bookstore] [           main] o.s.t.i.TransactionInterceptor           : Getting transaction for [org.springframework.data.jpa.repository.support.SimpleJpaRepository.save]
&amp#27;[35m[Hibernate]&amp#27;[0m 
    /* &amp#27;[34minsert&amp#27;[0m &amp#27;[34mfor&amp#27;[0m
        com.nhnacademy.bookstore.entity.tag.Tag */&amp#27;[34minsert&amp#27;[0m 
    &amp#27;[34minto&amp#27;[0m
        tag (name, id) 
    &amp#27;[34mvalues&amp#27;[0m
        (?, &amp#27;[34mdefault&amp#27;[0m)
2024-06-26T02:17:56.931+09:00 TRACE 38852 --- [3runner-bookstore] [           main] org.hibernate.orm.jdbc.bind              : binding parameter (1:VARCHAR) <- [Sample Tag]
2024-06-26T02:17:56.932+09:00 TRACE 38852 --- [3runner-bookstore] [           main] o.s.t.i.TransactionInterceptor           : Completing transaction for [org.springframework.data.jpa.repository.support.SimpleJpaRepository.save]
2024-06-26T02:17:56.932+09:00 TRACE 38852 --- [3runner-bookstore] [           main] o.s.t.i.TransactionInterceptor           : Getting transaction for [org.springframework.data.jpa.repository.support.SimpleJpaRepository.save]
&amp#27;[35m[Hibernate]&amp#27;[0m 
    /* &amp#27;[34minsert&amp#27;[0m &amp#27;[34mfor&amp#27;[0m
        com.nhnacademy.bookstore.entity.bookTag.BookTag */&amp#27;[34minsert&amp#27;[0m 
    &amp#27;[34minto&amp#27;[0m
        book_tag (book_id, tag_id, id) 
    &amp#27;[34mvalues&amp#27;[0m
        (?, ?, &amp#27;[34mdefault&amp#27;[0m)
2024-06-26T02:17:56.932+09:00 TRACE 38852 --- [3runner-bookstore] [           main] org.hibernate.orm.jdbc.bind              : binding parameter (1:BIGINT) <- [2]
2024-06-26T02:17:56.932+09:00 TRACE 38852 --- [3runner-bookstore] [           main] org.hibernate.orm.jdbc.bind              : binding parameter (2:BIGINT) <- [2]
2024-06-26T02:17:56.932+09:00 TRACE 38852 --- [3runner-bookstore] [           main] o.s.t.i.TransactionInterceptor           : Completing transaction for [org.springframework.data.jpa.repository.support.SimpleJpaRepository.save]
2024-06-26T02:17:56.932+09:00 TRACE 38852 --- [3runner-bookstore] [           main] o.s.t.i.TransactionInterceptor           : No need to create transaction for [org.springframework.data.jpa.repository.support.SimpleJpaRepository.findAllTagIdByBookId]: This method is not transactional.
&amp#27;[35m[Hibernate]&amp#27;[0m 
    /* &amp#27;[34mselect&amp#27;[0m
        bi.tag 
    &amp#27;[34mfrom&amp#27;[0m
        BookTag bi 
    &amp#27;[34mwhere&amp#27;[0m
        bi.book.id = :bookId */ &amp#27;[34mselect&amp#27;[0m
            t1_0.id,
            t1_0.name 
        &amp#27;[34mfrom&amp#27;[0m
            book_tag bt1_0 
        &amp#27;[34mjoin&amp#27;[0m
            tag t1_0 
                &amp#27;[34mon&amp#27;[0m t1_0.id=bt1_0.tag_id 
        &amp#27;[34mwhere&amp#27;[0m
            bt1_0.book_id=?
2024-06-26T02:17:56.934+09:00 TRACE 38852 --- [3runner-bookstore] [           main] org.hibernate.orm.jdbc.bind              : binding parameter (1:BIGINT) <- [2]
]]></system-out>
  </testcase>
</testsuite>